2025-09-08 03:13:17.534 | INFO     | __main__:<module>:224 - Starting TikTok Banking Intelligence FastAPI server...
2025-09-08 03:17:52.885 | INFO     | __main__:<module>:224 - Starting TikTok Banking Intelligence FastAPI server...
2025-09-08 03:22:24.454 | INFO     | __main__:scrape_tiktok_ads:107 - N8N scraping request: keywords=['garanti'], max=3
2025-09-08 03:22:24.455 | INFO     | __main__:scrape_tiktok_ads:114 - Scraping başlatılıyor: 3 maksimum reklam
2025-09-08 03:22:24.457 | INFO     | src.scraper.tiktok_scraper:search_ads:28 - Selenium ile TikTok scraping başlatılıyor...
2025-09-08 03:22:31.563 | INFO     | src.scraper.tiktok_selenium_scraper:setup_driver:330 - Chrome WebDriver hazırlandı (Network logging AKTIF)
2025-09-08 03:22:31.564 | INFO     | src.scraper.tiktok_selenium_scraper:search_ads_by_advertiser:379 - 'garanti' reklamları aranıyor...
2025-09-08 03:22:31.567 | INFO     | src.scraper.tiktok_selenium_scraper:search_ads_by_advertiser:382 - URL: https://library.tiktok.com/ads?region=TR&start_time=1754698951567&end_time=1757290951567&query_type=1&sort_type=last_shown_date,desc&adv_name=garanti
2025-09-08 03:22:38.413 | WARNING  | src.scraper.tiktok_selenium_scraper:_find_ad_elements:470 - Hiçbir .ad_card elementi bulunamadı
2025-09-08 03:22:38.415 | WARNING  | src.scraper.tiktok_selenium_scraper:_scrape_ads_from_url:436 - Reklam bulunamadı, sayfa yapısı değişmiş olabilir
2025-09-08 03:22:38.418 | INFO     | src.scraper.tiktok_selenium_scraper:search_ads_by_advertiser:387 - 'garanti' için 0 reklam bulundu
2025-09-08 03:22:43.295 | INFO     | src.scraper.tiktok_selenium_scraper:search_ads_by_advertiser:379 - 'isbank' reklamları aranıyor...
2025-09-08 03:22:43.296 | INFO     | src.scraper.tiktok_selenium_scraper:search_ads_by_advertiser:382 - URL: https://library.tiktok.com/ads?region=TR&start_time=1754698963296&end_time=1757290963296&query_type=1&sort_type=last_shown_date,desc&adv_name=isbank
2025-09-08 03:22:48.936 | INFO     | src.scraper.tiktok_selenium_scraper:_find_ad_elements:467 - TikTok reklam kartları bulundu: 12 adet (.ad_card)
2025-09-08 03:22:48.937 | INFO     | src.scraper.tiktok_selenium_scraper:_scrape_ads_from_url:439 - 12 reklam elementi bulundu
2025-09-08 03:22:49.025 | INFO     | src.scraper.tiktok_selenium_scraper:extract_video_from_detail_page:146 - Detay sayfasına gidiliyor: https://library.tiktok.com/ads/detail/?ad_id=1841346375894033...
2025-09-08 03:22:49.076 | INFO     | src.scraper.tiktok_selenium_scraper:start_network_monitoring:38 - Network monitoring başlatıldı
2025-09-08 03:22:55.148 | DEBUG    | src.scraper.tiktok_selenium_scraper:_process_network_message:95 - Video request yakalandı: https://sf16-sg.tiktokcdn.com/obj/eden-sg/nz_zkh_rvarpa/ljhwZthlaukjlkulzlp/assets/fonts-tiktok/Text...
2025-09-08 03:22:55.149 | DEBUG    | src.scraper.tiktok_selenium_scraper:_process_network_message:86 - Video URL yakalandı: https://sf16-sg.tiktokcdn.com/obj/eden-sg/nz_zkh_rvarpa/ljhwZthlaukjlkulzlp/assets/fonts-tiktok/Text...
2025-09-08 03:22:55.153 | DEBUG    | src.scraper.tiktok_selenium_scraper:_process_network_message:95 - Video request yakalandı: https://sf16-sg.tiktokcdn.com/obj/eden-sg/nz_zkh_rvarpa/ljhwZthlaukjlkulzlp/assets/fonts-tiktok/Text...
2025-09-08 03:22:55.154 | DEBUG    | src.scraper.tiktok_selenium_scraper:_process_network_message:86 - Video URL yakalandı: https://sf16-sg.tiktokcdn.com/obj/eden-sg/nz_zkh_rvarpa/ljhwZthlaukjlkulzlp/assets/fonts-tiktok/Text...
2025-09-08 03:22:55.156 | DEBUG    | src.scraper.tiktok_selenium_scraper:_process_network_message:95 - Video request yakalandı: https://sf16-sg.tiktokcdn.com/obj/eden-sg/nz_zkh_rvarpa/ljhwZthlaukjlkulzlp/assets/fonts-tiktok/Text...
2025-09-08 03:22:55.158 | DEBUG    | src.scraper.tiktok_selenium_scraper:_process_network_message:86 - Video URL yakalandı: https://sf16-sg.tiktokcdn.com/obj/eden-sg/nz_zkh_rvarpa/ljhwZthlaukjlkulzlp/assets/fonts-tiktok/Text...
2025-09-08 03:22:55.161 | DEBUG    | src.scraper.tiktok_selenium_scraper:_process_network_message:95 - Video request yakalandı: https://sf16-website-login.neutral.ttwstatic.com/obj/tiktok_web_login_static/pns/tiktok-cookie-banne...
2025-09-08 03:22:55.162 | DEBUG    | src.scraper.tiktok_selenium_scraper:_process_network_message:86 - Video URL yakalandı: https://sf16-website-login.neutral.ttwstatic.com/obj/tiktok_web_login_static/pns/tiktok-cookie-banne...
2025-09-08 03:22:55.164 | DEBUG    | src.scraper.tiktok_selenium_scraper:_process_network_message:95 - Video request yakalandı: https://sf16-website-login.neutral.ttwstatic.com/obj/tiktok_web_login_static/tiktok_fonts/TikTokDisp...
2025-09-08 03:22:55.166 | DEBUG    | src.scraper.tiktok_selenium_scraper:_process_network_message:86 - Video URL yakalandı: https://sf16-website-login.neutral.ttwstatic.com/obj/tiktok_web_login_static/tiktok_fonts/TikTokDisp...
2025-09-08 03:22:55.167 | DEBUG    | src.scraper.tiktok_selenium_scraper:_process_network_message:95 - Video request yakalandı: https://sf16-website-login.neutral.ttwstatic.com/obj/tiktok_web_login_static/tiktok_fonts/TikTokFont...
2025-09-08 03:22:55.169 | DEBUG    | src.scraper.tiktok_selenium_scraper:_process_network_message:86 - Video URL yakalandı: https://sf16-website-login.neutral.ttwstatic.com/obj/tiktok_web_login_static/tiktok_fonts/TikTokFont...
2025-09-08 03:22:55.170 | DEBUG    | src.scraper.tiktok_selenium_scraper:_process_network_message:95 - Video request yakalandı: https://sf16-website-login.neutral.ttwstatic.com/obj/tiktok_web_login_static/tiktok_fonts/TikTokFont...
2025-09-08 03:22:55.172 | DEBUG    | src.scraper.tiktok_selenium_scraper:_process_network_message:86 - Video URL yakalandı: https://sf16-website-login.neutral.ttwstatic.com/obj/tiktok_web_login_static/tiktok_fonts/TikTokFont...
2025-09-08 03:22:55.174 | DEBUG    | src.scraper.tiktok_selenium_scraper:_process_network_message:95 - Video request yakalandı: https://sf16-website-login.neutral.ttwstatic.com/obj/tiktok_web_login_static/tiktok_fonts/TikTokFont...
2025-09-08 03:22:55.178 | DEBUG    | src.scraper.tiktok_selenium_scraper:_process_network_message:86 - Video URL yakalandı: https://sf16-website-login.neutral.ttwstatic.com/obj/tiktok_web_login_static/tiktok_fonts/TikTokFont...
2025-09-08 03:22:55.180 | DEBUG    | src.scraper.tiktok_selenium_scraper:_process_network_message:95 - Video request yakalandı: https://library.tiktok.com/api/v1/cdn/1757290969/video/aHR0cHM6Ly92NzcudGlrdG9rY2RuLmNvbS85NDVjODUyN...
2025-09-08 03:22:55.182 | DEBUG    | src.scraper.tiktok_selenium_scraper:_process_network_message:95 - Video request yakalandı: https://v77.tiktokcdn.com/945c8527d4ca1aee7bd8e9ea0fc1ae1d/68be7648/video/tos/alisg/tos-alisg-ve-005...
2025-09-08 03:22:55.183 | DEBUG    | src.scraper.tiktok_selenium_scraper:_process_network_message:86 - Video URL yakalandı: https://v77.tiktokcdn.com/945c8527d4ca1aee7bd8e9ea0fc1ae1d/68be7648/video/tos/alisg/tos-alisg-ve-005...
2025-09-08 03:22:55.185 | DEBUG    | src.scraper.tiktok_selenium_scraper:_process_network_message:95 - Video request yakalandı: https://v77.tiktokcdn.com/945c8527d4ca1aee7bd8e9ea0fc1ae1d/68be7648/video/tos/alisg/tos-alisg-ve-005...
2025-09-08 03:22:55.187 | DEBUG    | src.scraper.tiktok_selenium_scraper:_process_network_message:86 - Video URL yakalandı: https://v77.tiktokcdn.com/945c8527d4ca1aee7bd8e9ea0fc1ae1d/68be7648/video/tos/alisg/tos-alisg-ve-005...
2025-09-08 03:22:55.188 | DEBUG    | src.scraper.tiktok_selenium_scraper:_process_network_message:95 - Video request yakalandı: https://v77.tiktokcdn.com/945c8527d4ca1aee7bd8e9ea0fc1ae1d/68be7648/video/tos/alisg/tos-alisg-ve-005...
2025-09-08 03:22:55.190 | DEBUG    | src.scraper.tiktok_selenium_scraper:_process_network_message:86 - Video URL yakalandı: https://v77.tiktokcdn.com/945c8527d4ca1aee7bd8e9ea0fc1ae1d/68be7648/video/tos/alisg/tos-alisg-ve-005...
2025-09-08 03:23:10.285 | INFO     | src.scraper.tiktok_selenium_scraper:capture_network_requests:64 - Network'den 10 video URL yakalandı
2025-09-08 03:23:10.342 | DEBUG    | src.scraper.tiktok_selenium_scraper:_select_best_video_url:266 - URL skorları: [(16, 'https://v77.tiktokcdn.com/945c8527d4ca1aee7bd8e9ea'), (9, 'https://sf16-sg.tiktokcdn.com/obj/eden-sg/nz_zkh_r'), (9, 'https://sf16-sg.tiktokcdn.com/obj/eden-sg/nz_zkh_r')]
2025-09-08 03:23:10.346 | INFO     | src.scraper.tiktok_selenium_scraper:extract_video_from_detail_page:182 - Detay sayfasından video URL bulundu: https://v77.tiktokcdn.com/945c8527d4ca1aee7bd8e9ea0fc1ae1d/68be7648/video/tos/alisg/tos-alisg-ve-005...
2025-09-08 03:23:10.352 | INFO     | src.scraper.tiktok_selenium_scraper:_extract_from_selenium_element:525 - ✅ Network'den video URL bulundu
2025-09-08 03:23:10.425 | INFO     | src.scraper.tiktok_selenium_scraper:extract_video_from_detail_page:146 - Detay sayfasına gidiliyor: https://library.tiktok.com/ads/detail/?ad_id=1841096935249970...
2025-09-08 03:23:10.455 | INFO     | src.scraper.tiktok_selenium_scraper:start_network_monitoring:38 - Network monitoring başlatıldı
2025-09-08 03:23:16.511 | DEBUG    | src.scraper.tiktok_selenium_scraper:_process_network_message:95 - Video request yakalandı: https://sf16-sg.tiktokcdn.com/obj/eden-sg/nz_zkh_rvarpa/ljhwZthlaukjlkulzlp/assets/fonts-tiktok/Text...
2025-09-08 03:23:16.513 | DEBUG    | src.scraper.tiktok_selenium_scraper:_process_network_message:86 - Video URL yakalandı: https://sf16-sg.tiktokcdn.com/obj/eden-sg/nz_zkh_rvarpa/ljhwZthlaukjlkulzlp/assets/fonts-tiktok/Text...
2025-09-08 03:23:16.516 | DEBUG    | src.scraper.tiktok_selenium_scraper:_process_network_message:95 - Video request yakalandı: https://sf16-sg.tiktokcdn.com/obj/eden-sg/nz_zkh_rvarpa/ljhwZthlaukjlkulzlp/assets/fonts-tiktok/Text...
2025-09-08 03:23:16.517 | DEBUG    | src.scraper.tiktok_selenium_scraper:_process_network_message:86 - Video URL yakalandı: https://sf16-sg.tiktokcdn.com/obj/eden-sg/nz_zkh_rvarpa/ljhwZthlaukjlkulzlp/assets/fonts-tiktok/Text...
2025-09-08 03:23:16.519 | DEBUG    | src.scraper.tiktok_selenium_scraper:_process_network_message:95 - Video request yakalandı: https://sf16-sg.tiktokcdn.com/obj/eden-sg/nz_zkh_rvarpa/ljhwZthlaukjlkulzlp/assets/fonts-tiktok/Text...
2025-09-08 03:23:16.521 | DEBUG    | src.scraper.tiktok_selenium_scraper:_process_network_message:86 - Video URL yakalandı: https://sf16-sg.tiktokcdn.com/obj/eden-sg/nz_zkh_rvarpa/ljhwZthlaukjlkulzlp/assets/fonts-tiktok/Text...
2025-09-08 03:23:16.523 | DEBUG    | src.scraper.tiktok_selenium_scraper:_process_network_message:95 - Video request yakalandı: https://sf16-website-login.neutral.ttwstatic.com/obj/tiktok_web_login_static/pns/tiktok-cookie-banne...
2025-09-08 03:23:16.524 | DEBUG    | src.scraper.tiktok_selenium_scraper:_process_network_message:86 - Video URL yakalandı: https://sf16-website-login.neutral.ttwstatic.com/obj/tiktok_web_login_static/pns/tiktok-cookie-banne...
2025-09-08 03:23:16.526 | DEBUG    | src.scraper.tiktok_selenium_scraper:_process_network_message:95 - Video request yakalandı: https://sf16-website-login.neutral.ttwstatic.com/obj/tiktok_web_login_static/tiktok_fonts/TikTokDisp...
2025-09-08 03:23:16.528 | DEBUG    | src.scraper.tiktok_selenium_scraper:_process_network_message:86 - Video URL yakalandı: https://sf16-website-login.neutral.ttwstatic.com/obj/tiktok_web_login_static/tiktok_fonts/TikTokDisp...
2025-09-08 03:23:16.531 | DEBUG    | src.scraper.tiktok_selenium_scraper:_process_network_message:95 - Video request yakalandı: https://sf16-website-login.neutral.ttwstatic.com/obj/tiktok_web_login_static/tiktok_fonts/TikTokFont...
2025-09-08 03:23:16.533 | DEBUG    | src.scraper.tiktok_selenium_scraper:_process_network_message:86 - Video URL yakalandı: https://sf16-website-login.neutral.ttwstatic.com/obj/tiktok_web_login_static/tiktok_fonts/TikTokFont...
2025-09-08 03:23:16.535 | DEBUG    | src.scraper.tiktok_selenium_scraper:_process_network_message:95 - Video request yakalandı: https://sf16-website-login.neutral.ttwstatic.com/obj/tiktok_web_login_static/tiktok_fonts/TikTokFont...
2025-09-08 03:23:16.536 | DEBUG    | src.scraper.tiktok_selenium_scraper:_process_network_message:86 - Video URL yakalandı: https://sf16-website-login.neutral.ttwstatic.com/obj/tiktok_web_login_static/tiktok_fonts/TikTokFont...
2025-09-08 03:23:16.538 | DEBUG    | src.scraper.tiktok_selenium_scraper:_process_network_message:95 - Video request yakalandı: https://sf16-website-login.neutral.ttwstatic.com/obj/tiktok_web_login_static/tiktok_fonts/TikTokFont...
2025-09-08 03:23:16.539 | DEBUG    | src.scraper.tiktok_selenium_scraper:_process_network_message:86 - Video URL yakalandı: https://sf16-website-login.neutral.ttwstatic.com/obj/tiktok_web_login_static/tiktok_fonts/TikTokFont...
2025-09-08 03:23:16.542 | DEBUG    | src.scraper.tiktok_selenium_scraper:_process_network_message:95 - Video request yakalandı: https://p16-sign-va.tiktokcdn.com/tos-maliva-avt-0068/2b6408fe30d08d00d3c980d7d0ec5ca9~tplv-tiktokx-...
2025-09-08 03:23:16.543 | DEBUG    | src.scraper.tiktok_selenium_scraper:_process_network_message:95 - Video request yakalandı: https://library.tiktok.com/api/v1/cdn/1757290991/video/aHR0cHM6Ly92NzcudGlrdG9rY2RuLmNvbS83NjcyMWZlY...
2025-09-08 03:23:16.544 | DEBUG    | src.scraper.tiktok_selenium_scraper:_process_network_message:86 - Video URL yakalandı: https://p16-sign-va.tiktokcdn.com/tos-maliva-avt-0068/2b6408fe30d08d00d3c980d7d0ec5ca9~tplv-tiktokx-...
2025-09-08 03:23:16.548 | DEBUG    | src.scraper.tiktok_selenium_scraper:_process_network_message:95 - Video request yakalandı: https://v77.tiktokcdn.com/76721feb86aa13a1fbbf63170a2c1b2d/68be7657/video/tos/alisg/tos-alisg-ve-005...
2025-09-08 03:23:16.549 | DEBUG    | src.scraper.tiktok_selenium_scraper:_process_network_message:86 - Video URL yakalandı: https://v77.tiktokcdn.com/76721feb86aa13a1fbbf63170a2c1b2d/68be7657/video/tos/alisg/tos-alisg-ve-005...
2025-09-08 03:23:16.551 | DEBUG    | src.scraper.tiktok_selenium_scraper:_process_network_message:95 - Video request yakalandı: https://v77.tiktokcdn.com/76721feb86aa13a1fbbf63170a2c1b2d/68be7657/video/tos/alisg/tos-alisg-ve-005...
2025-09-08 03:23:16.553 | DEBUG    | src.scraper.tiktok_selenium_scraper:_process_network_message:86 - Video URL yakalandı: https://v77.tiktokcdn.com/76721feb86aa13a1fbbf63170a2c1b2d/68be7657/video/tos/alisg/tos-alisg-ve-005...
2025-09-08 03:23:16.555 | DEBUG    | src.scraper.tiktok_selenium_scraper:_process_network_message:95 - Video request yakalandı: https://v77.tiktokcdn.com/76721feb86aa13a1fbbf63170a2c1b2d/68be7657/video/tos/alisg/tos-alisg-ve-005...
2025-09-08 03:23:16.557 | DEBUG    | src.scraper.tiktok_selenium_scraper:_process_network_message:86 - Video URL yakalandı: https://v77.tiktokcdn.com/76721feb86aa13a1fbbf63170a2c1b2d/68be7657/video/tos/alisg/tos-alisg-ve-005...
2025-09-08 03:23:31.618 | INFO     | src.scraper.tiktok_selenium_scraper:capture_network_requests:64 - Network'den 11 video URL yakalandı
2025-09-08 03:23:31.679 | DEBUG    | src.scraper.tiktok_selenium_scraper:_select_best_video_url:266 - URL skorları: [(16, 'https://v77.tiktokcdn.com/76721feb86aa13a1fbbf6317'), (10, 'https://p16-sign-va.tiktokcdn.com/tos-maliva-avt-0'), (9, 'https://sf16-sg.tiktokcdn.com/obj/eden-sg/nz_zkh_r')]
2025-09-08 03:23:31.684 | INFO     | src.scraper.tiktok_selenium_scraper:extract_video_from_detail_page:182 - Detay sayfasından video URL bulundu: https://v77.tiktokcdn.com/76721feb86aa13a1fbbf63170a2c1b2d/68be7657/video/tos/alisg/tos-alisg-ve-005...
2025-09-08 03:23:31.691 | INFO     | src.scraper.tiktok_selenium_scraper:_extract_from_selenium_element:525 - ✅ Network'den video URL bulundu
2025-09-08 03:23:31.752 | INFO     | src.scraper.tiktok_selenium_scraper:extract_video_from_detail_page:146 - Detay sayfasına gidiliyor: https://library.tiktok.com/ads/detail/?ad_id=1842350756095169...
2025-09-08 03:23:31.793 | INFO     | src.scraper.tiktok_selenium_scraper:start_network_monitoring:38 - Network monitoring başlatıldı
2025-09-08 03:23:37.851 | DEBUG    | src.scraper.tiktok_selenium_scraper:_process_network_message:95 - Video request yakalandı: https://sf16-sg.tiktokcdn.com/obj/eden-sg/nz_zkh_rvarpa/ljhwZthlaukjlkulzlp/assets/fonts-tiktok/Text...
2025-09-08 03:23:37.852 | DEBUG    | src.scraper.tiktok_selenium_scraper:_process_network_message:86 - Video URL yakalandı: https://sf16-sg.tiktokcdn.com/obj/eden-sg/nz_zkh_rvarpa/ljhwZthlaukjlkulzlp/assets/fonts-tiktok/Text...
2025-09-08 03:23:37.856 | DEBUG    | src.scraper.tiktok_selenium_scraper:_process_network_message:95 - Video request yakalandı: https://sf16-sg.tiktokcdn.com/obj/eden-sg/nz_zkh_rvarpa/ljhwZthlaukjlkulzlp/assets/fonts-tiktok/Text...
2025-09-08 03:23:37.858 | DEBUG    | src.scraper.tiktok_selenium_scraper:_process_network_message:86 - Video URL yakalandı: https://sf16-sg.tiktokcdn.com/obj/eden-sg/nz_zkh_rvarpa/ljhwZthlaukjlkulzlp/assets/fonts-tiktok/Text...
2025-09-08 03:23:37.859 | DEBUG    | src.scraper.tiktok_selenium_scraper:_process_network_message:95 - Video request yakalandı: https://sf16-sg.tiktokcdn.com/obj/eden-sg/nz_zkh_rvarpa/ljhwZthlaukjlkulzlp/assets/fonts-tiktok/Text...
2025-09-08 03:23:37.861 | DEBUG    | src.scraper.tiktok_selenium_scraper:_process_network_message:86 - Video URL yakalandı: https://sf16-sg.tiktokcdn.com/obj/eden-sg/nz_zkh_rvarpa/ljhwZthlaukjlkulzlp/assets/fonts-tiktok/Text...
2025-09-08 03:23:37.864 | DEBUG    | src.scraper.tiktok_selenium_scraper:_process_network_message:95 - Video request yakalandı: https://sf16-website-login.neutral.ttwstatic.com/obj/tiktok_web_login_static/pns/tiktok-cookie-banne...
2025-09-08 03:23:37.866 | DEBUG    | src.scraper.tiktok_selenium_scraper:_process_network_message:86 - Video URL yakalandı: https://sf16-website-login.neutral.ttwstatic.com/obj/tiktok_web_login_static/pns/tiktok-cookie-banne...
2025-09-08 03:23:37.868 | DEBUG    | src.scraper.tiktok_selenium_scraper:_process_network_message:95 - Video request yakalandı: https://sf16-website-login.neutral.ttwstatic.com/obj/tiktok_web_login_static/tiktok_fonts/TikTokDisp...
2025-09-08 03:23:37.869 | DEBUG    | src.scraper.tiktok_selenium_scraper:_process_network_message:86 - Video URL yakalandı: https://sf16-website-login.neutral.ttwstatic.com/obj/tiktok_web_login_static/tiktok_fonts/TikTokDisp...
2025-09-08 03:23:37.871 | DEBUG    | src.scraper.tiktok_selenium_scraper:_process_network_message:95 - Video request yakalandı: https://sf16-website-login.neutral.ttwstatic.com/obj/tiktok_web_login_static/tiktok_fonts/TikTokFont...
2025-09-08 03:23:37.872 | DEBUG    | src.scraper.tiktok_selenium_scraper:_process_network_message:86 - Video URL yakalandı: https://sf16-website-login.neutral.ttwstatic.com/obj/tiktok_web_login_static/tiktok_fonts/TikTokFont...
2025-09-08 03:23:37.874 | DEBUG    | src.scraper.tiktok_selenium_scraper:_process_network_message:95 - Video request yakalandı: https://sf16-website-login.neutral.ttwstatic.com/obj/tiktok_web_login_static/tiktok_fonts/TikTokFont...
2025-09-08 03:23:37.877 | DEBUG    | src.scraper.tiktok_selenium_scraper:_process_network_message:86 - Video URL yakalandı: https://sf16-website-login.neutral.ttwstatic.com/obj/tiktok_web_login_static/tiktok_fonts/TikTokFont...
2025-09-08 03:23:37.878 | DEBUG    | src.scraper.tiktok_selenium_scraper:_process_network_message:95 - Video request yakalandı: https://sf16-website-login.neutral.ttwstatic.com/obj/tiktok_web_login_static/tiktok_fonts/TikTokFont...
2025-09-08 03:23:37.882 | DEBUG    | src.scraper.tiktok_selenium_scraper:_process_network_message:86 - Video URL yakalandı: https://sf16-website-login.neutral.ttwstatic.com/obj/tiktok_web_login_static/tiktok_fonts/TikTokFont...
2025-09-08 03:23:37.884 | DEBUG    | src.scraper.tiktok_selenium_scraper:_process_network_message:95 - Video request yakalandı: https://p16-sign-va.tiktokcdn.com/tos-maliva-avt-0068/2b6408fe30d08d00d3c980d7d0ec5ca9~tplv-tiktokx-...
2025-09-08 03:23:37.885 | DEBUG    | src.scraper.tiktok_selenium_scraper:_process_network_message:86 - Video URL yakalandı: https://p16-sign-va.tiktokcdn.com/tos-maliva-avt-0068/2b6408fe30d08d00d3c980d7d0ec5ca9~tplv-tiktokx-...
2025-09-08 03:23:37.887 | DEBUG    | src.scraper.tiktok_selenium_scraper:_process_network_message:95 - Video request yakalandı: https://library.tiktok.com/api/v1/cdn/1757291012/video/aHR0cHM6Ly92NzcudGlrdG9rY2RuLmNvbS83YmI1MzVlZ...
2025-09-08 03:23:37.888 | DEBUG    | src.scraper.tiktok_selenium_scraper:_process_network_message:95 - Video request yakalandı: https://v77.tiktokcdn.com/7bb535ef9f2d455eb970be290b4f3a76/68be7679/video/tos/alisg/tos-alisg-ve-005...
2025-09-08 03:23:37.890 | DEBUG    | src.scraper.tiktok_selenium_scraper:_process_network_message:86 - Video URL yakalandı: https://v77.tiktokcdn.com/7bb535ef9f2d455eb970be290b4f3a76/68be7679/video/tos/alisg/tos-alisg-ve-005...
2025-09-08 03:23:37.891 | DEBUG    | src.scraper.tiktok_selenium_scraper:_process_network_message:95 - Video request yakalandı: https://v77.tiktokcdn.com/7bb535ef9f2d455eb970be290b4f3a76/68be7679/video/tos/alisg/tos-alisg-ve-005...
2025-09-08 03:23:37.893 | DEBUG    | src.scraper.tiktok_selenium_scraper:_process_network_message:86 - Video URL yakalandı: https://v77.tiktokcdn.com/7bb535ef9f2d455eb970be290b4f3a76/68be7679/video/tos/alisg/tos-alisg-ve-005...
2025-09-08 03:23:52.955 | INFO     | src.scraper.tiktok_selenium_scraper:capture_network_requests:64 - Network'den 11 video URL yakalandı
2025-09-08 03:23:53.025 | DEBUG    | src.scraper.tiktok_selenium_scraper:_select_best_video_url:266 - URL skorları: [(16, 'https://v77.tiktokcdn.com/7bb535ef9f2d455eb970be29'), (10, 'https://p16-sign-va.tiktokcdn.com/tos-maliva-avt-0'), (9, 'https://sf16-sg.tiktokcdn.com/obj/eden-sg/nz_zkh_r')]
2025-09-08 03:23:53.029 | INFO     | src.scraper.tiktok_selenium_scraper:extract_video_from_detail_page:182 - Detay sayfasından video URL bulundu: https://v77.tiktokcdn.com/7bb535ef9f2d455eb970be290b4f3a76/68be7679/video/tos/alisg/tos-alisg-ve-005...
2025-09-08 03:23:53.033 | INFO     | src.scraper.tiktok_selenium_scraper:_extract_from_selenium_element:525 - ✅ Network'den video URL bulundu
2025-09-08 03:23:53.081 | INFO     | src.scraper.tiktok_selenium_scraper:extract_video_from_detail_page:146 - Detay sayfasına gidiliyor: https://library.tiktok.com/ads/detail/?ad_id=1842339656182897...
2025-09-08 03:23:53.110 | INFO     | src.scraper.tiktok_selenium_scraper:start_network_monitoring:38 - Network monitoring başlatıldı
2025-09-08 03:23:59.170 | DEBUG    | src.scraper.tiktok_selenium_scraper:_process_network_message:95 - Video request yakalandı: https://sf16-sg.tiktokcdn.com/obj/eden-sg/nz_zkh_rvarpa/ljhwZthlaukjlkulzlp/assets/fonts-tiktok/Text...
2025-09-08 03:23:59.172 | DEBUG    | src.scraper.tiktok_selenium_scraper:_process_network_message:86 - Video URL yakalandı: https://sf16-sg.tiktokcdn.com/obj/eden-sg/nz_zkh_rvarpa/ljhwZthlaukjlkulzlp/assets/fonts-tiktok/Text...
2025-09-08 03:23:59.174 | DEBUG    | src.scraper.tiktok_selenium_scraper:_process_network_message:95 - Video request yakalandı: https://sf16-sg.tiktokcdn.com/obj/eden-sg/nz_zkh_rvarpa/ljhwZthlaukjlkulzlp/assets/fonts-tiktok/Text...
2025-09-08 03:23:59.176 | DEBUG    | src.scraper.tiktok_selenium_scraper:_process_network_message:86 - Video URL yakalandı: https://sf16-sg.tiktokcdn.com/obj/eden-sg/nz_zkh_rvarpa/ljhwZthlaukjlkulzlp/assets/fonts-tiktok/Text...
2025-09-08 03:23:59.178 | DEBUG    | src.scraper.tiktok_selenium_scraper:_process_network_message:95 - Video request yakalandı: https://sf16-sg.tiktokcdn.com/obj/eden-sg/nz_zkh_rvarpa/ljhwZthlaukjlkulzlp/assets/fonts-tiktok/Text...
2025-09-08 03:23:59.179 | DEBUG    | src.scraper.tiktok_selenium_scraper:_process_network_message:86 - Video URL yakalandı: https://sf16-sg.tiktokcdn.com/obj/eden-sg/nz_zkh_rvarpa/ljhwZthlaukjlkulzlp/assets/fonts-tiktok/Text...
2025-09-08 03:23:59.181 | DEBUG    | src.scraper.tiktok_selenium_scraper:_process_network_message:95 - Video request yakalandı: https://sf16-website-login.neutral.ttwstatic.com/obj/tiktok_web_login_static/pns/tiktok-cookie-banne...
2025-09-08 03:23:59.183 | DEBUG    | src.scraper.tiktok_selenium_scraper:_process_network_message:86 - Video URL yakalandı: https://sf16-website-login.neutral.ttwstatic.com/obj/tiktok_web_login_static/pns/tiktok-cookie-banne...
2025-09-08 03:23:59.185 | DEBUG    | src.scraper.tiktok_selenium_scraper:_process_network_message:95 - Video request yakalandı: https://sf16-website-login.neutral.ttwstatic.com/obj/tiktok_web_login_static/tiktok_fonts/TikTokDisp...
2025-09-08 03:23:59.186 | DEBUG    | src.scraper.tiktok_selenium_scraper:_process_network_message:86 - Video URL yakalandı: https://sf16-website-login.neutral.ttwstatic.com/obj/tiktok_web_login_static/tiktok_fonts/TikTokDisp...
2025-09-08 03:23:59.188 | DEBUG    | src.scraper.tiktok_selenium_scraper:_process_network_message:95 - Video request yakalandı: https://sf16-website-login.neutral.ttwstatic.com/obj/tiktok_web_login_static/tiktok_fonts/TikTokFont...
2025-09-08 03:23:59.190 | DEBUG    | src.scraper.tiktok_selenium_scraper:_process_network_message:86 - Video URL yakalandı: https://sf16-website-login.neutral.ttwstatic.com/obj/tiktok_web_login_static/tiktok_fonts/TikTokFont...
2025-09-08 03:23:59.191 | DEBUG    | src.scraper.tiktok_selenium_scraper:_process_network_message:95 - Video request yakalandı: https://sf16-website-login.neutral.ttwstatic.com/obj/tiktok_web_login_static/tiktok_fonts/TikTokFont...
2025-09-08 03:23:59.192 | DEBUG    | src.scraper.tiktok_selenium_scraper:_process_network_message:86 - Video URL yakalandı: https://sf16-website-login.neutral.ttwstatic.com/obj/tiktok_web_login_static/tiktok_fonts/TikTokFont...
2025-09-08 03:23:59.195 | DEBUG    | src.scraper.tiktok_selenium_scraper:_process_network_message:95 - Video request yakalandı: https://sf16-website-login.neutral.ttwstatic.com/obj/tiktok_web_login_static/tiktok_fonts/TikTokFont...
2025-09-08 03:23:59.200 | DEBUG    | src.scraper.tiktok_selenium_scraper:_process_network_message:86 - Video URL yakalandı: https://sf16-website-login.neutral.ttwstatic.com/obj/tiktok_web_login_static/tiktok_fonts/TikTokFont...
2025-09-08 03:23:59.202 | DEBUG    | src.scraper.tiktok_selenium_scraper:_process_network_message:95 - Video request yakalandı: https://p16-sign-va.tiktokcdn.com/tos-maliva-avt-0068/2b6408fe30d08d00d3c980d7d0ec5ca9~tplv-tiktokx-...
2025-09-08 03:23:59.204 | DEBUG    | src.scraper.tiktok_selenium_scraper:_process_network_message:86 - Video URL yakalandı: https://p16-sign-va.tiktokcdn.com/tos-maliva-avt-0068/2b6408fe30d08d00d3c980d7d0ec5ca9~tplv-tiktokx-...
2025-09-08 03:23:59.205 | DEBUG    | src.scraper.tiktok_selenium_scraper:_process_network_message:95 - Video request yakalandı: https://library.tiktok.com/api/v1/cdn/1757291033/video/aHR0cHM6Ly92MTZtLnRpa3Rva2Nkbi5jb20vMTgyYWE4M...
2025-09-08 03:23:59.207 | DEBUG    | src.scraper.tiktok_selenium_scraper:_process_network_message:95 - Video request yakalandı: https://v16m.tiktokcdn.com/182aa83af90d92330110d3b12168a0a9/68be7687/video/tos/alisg/tos-alisg-ve-00...
2025-09-08 03:23:59.208 | DEBUG    | src.scraper.tiktok_selenium_scraper:_process_network_message:86 - Video URL yakalandı: https://v16m.tiktokcdn.com/182aa83af90d92330110d3b12168a0a9/68be7687/video/tos/alisg/tos-alisg-ve-00...
2025-09-08 03:23:59.211 | DEBUG    | src.scraper.tiktok_selenium_scraper:_process_network_message:95 - Video request yakalandı: https://v16m.tiktokcdn.com/182aa83af90d92330110d3b12168a0a9/68be7687/video/tos/alisg/tos-alisg-ve-00...
2025-09-08 03:23:59.214 | DEBUG    | src.scraper.tiktok_selenium_scraper:_process_network_message:86 - Video URL yakalandı: https://v16m.tiktokcdn.com/182aa83af90d92330110d3b12168a0a9/68be7687/video/tos/alisg/tos-alisg-ve-00...
2025-09-08 03:23:59.215 | DEBUG    | src.scraper.tiktok_selenium_scraper:_process_network_message:95 - Video request yakalandı: https://v16m.tiktokcdn.com/182aa83af90d92330110d3b12168a0a9/68be7687/video/tos/alisg/tos-alisg-ve-00...
2025-09-08 03:23:59.217 | DEBUG    | src.scraper.tiktok_selenium_scraper:_process_network_message:86 - Video URL yakalandı: https://v16m.tiktokcdn.com/182aa83af90d92330110d3b12168a0a9/68be7687/video/tos/alisg/tos-alisg-ve-00...
2025-09-08 03:24:14.284 | INFO     | src.scraper.tiktok_selenium_scraper:capture_network_requests:64 - Network'den 11 video URL yakalandı
2025-09-08 03:24:14.353 | DEBUG    | src.scraper.tiktok_selenium_scraper:_select_best_video_url:266 - URL skorları: [(16, 'https://v16m.tiktokcdn.com/182aa83af90d92330110d3b'), (10, 'https://p16-sign-va.tiktokcdn.com/tos-maliva-avt-0'), (9, 'https://sf16-sg.tiktokcdn.com/obj/eden-sg/nz_zkh_r')]
2025-09-08 03:24:14.358 | INFO     | src.scraper.tiktok_selenium_scraper:extract_video_from_detail_page:182 - Detay sayfasından video URL bulundu: https://v16m.tiktokcdn.com/182aa83af90d92330110d3b12168a0a9/68be7687/video/tos/alisg/tos-alisg-ve-00...
2025-09-08 03:24:14.369 | INFO     | src.scraper.tiktok_selenium_scraper:_extract_from_selenium_element:525 - ✅ Network'den video URL bulundu
2025-09-08 03:24:14.445 | INFO     | src.scraper.tiktok_selenium_scraper:extract_video_from_detail_page:146 - Detay sayfasına gidiliyor: https://library.tiktok.com/ads/detail/?ad_id=1842163876380673...
2025-09-08 03:24:14.485 | INFO     | src.scraper.tiktok_selenium_scraper:start_network_monitoring:38 - Network monitoring başlatıldı
2025-09-08 03:24:20.561 | DEBUG    | src.scraper.tiktok_selenium_scraper:_process_network_message:95 - Video request yakalandı: https://sf16-sg.tiktokcdn.com/obj/eden-sg/nz_zkh_rvarpa/ljhwZthlaukjlkulzlp/assets/fonts-tiktok/Text...
2025-09-08 03:24:20.563 | DEBUG    | src.scraper.tiktok_selenium_scraper:_process_network_message:86 - Video URL yakalandı: https://sf16-sg.tiktokcdn.com/obj/eden-sg/nz_zkh_rvarpa/ljhwZthlaukjlkulzlp/assets/fonts-tiktok/Text...
2025-09-08 03:24:20.569 | DEBUG    | src.scraper.tiktok_selenium_scraper:_process_network_message:95 - Video request yakalandı: https://sf16-sg.tiktokcdn.com/obj/eden-sg/nz_zkh_rvarpa/ljhwZthlaukjlkulzlp/assets/fonts-tiktok/Text...
2025-09-08 03:24:20.571 | DEBUG    | src.scraper.tiktok_selenium_scraper:_process_network_message:86 - Video URL yakalandı: https://sf16-sg.tiktokcdn.com/obj/eden-sg/nz_zkh_rvarpa/ljhwZthlaukjlkulzlp/assets/fonts-tiktok/Text...
2025-09-08 03:24:20.572 | DEBUG    | src.scraper.tiktok_selenium_scraper:_process_network_message:95 - Video request yakalandı: https://sf16-sg.tiktokcdn.com/obj/eden-sg/nz_zkh_rvarpa/ljhwZthlaukjlkulzlp/assets/fonts-tiktok/Text...
2025-09-08 03:24:20.574 | DEBUG    | src.scraper.tiktok_selenium_scraper:_process_network_message:86 - Video URL yakalandı: https://sf16-sg.tiktokcdn.com/obj/eden-sg/nz_zkh_rvarpa/ljhwZthlaukjlkulzlp/assets/fonts-tiktok/Text...
2025-09-08 03:24:20.578 | DEBUG    | src.scraper.tiktok_selenium_scraper:_process_network_message:95 - Video request yakalandı: https://sf16-website-login.neutral.ttwstatic.com/obj/tiktok_web_login_static/pns/tiktok-cookie-banne...
2025-09-08 03:24:20.580 | DEBUG    | src.scraper.tiktok_selenium_scraper:_process_network_message:86 - Video URL yakalandı: https://sf16-website-login.neutral.ttwstatic.com/obj/tiktok_web_login_static/pns/tiktok-cookie-banne...
2025-09-08 03:24:20.582 | DEBUG    | src.scraper.tiktok_selenium_scraper:_process_network_message:95 - Video request yakalandı: https://sf16-website-login.neutral.ttwstatic.com/obj/tiktok_web_login_static/tiktok_fonts/TikTokDisp...
2025-09-08 03:24:20.584 | DEBUG    | src.scraper.tiktok_selenium_scraper:_process_network_message:86 - Video URL yakalandı: https://sf16-website-login.neutral.ttwstatic.com/obj/tiktok_web_login_static/tiktok_fonts/TikTokDisp...
2025-09-08 03:24:20.587 | DEBUG    | src.scraper.tiktok_selenium_scraper:_process_network_message:95 - Video request yakalandı: https://sf16-website-login.neutral.ttwstatic.com/obj/tiktok_web_login_static/tiktok_fonts/TikTokFont...
2025-09-08 03:24:20.592 | DEBUG    | src.scraper.tiktok_selenium_scraper:_process_network_message:86 - Video URL yakalandı: https://sf16-website-login.neutral.ttwstatic.com/obj/tiktok_web_login_static/tiktok_fonts/TikTokFont...
2025-09-08 03:24:20.594 | DEBUG    | src.scraper.tiktok_selenium_scraper:_process_network_message:95 - Video request yakalandı: https://sf16-website-login.neutral.ttwstatic.com/obj/tiktok_web_login_static/tiktok_fonts/TikTokFont...
2025-09-08 03:24:20.596 | DEBUG    | src.scraper.tiktok_selenium_scraper:_process_network_message:86 - Video URL yakalandı: https://sf16-website-login.neutral.ttwstatic.com/obj/tiktok_web_login_static/tiktok_fonts/TikTokFont...
2025-09-08 03:24:20.598 | DEBUG    | src.scraper.tiktok_selenium_scraper:_process_network_message:95 - Video request yakalandı: https://sf16-website-login.neutral.ttwstatic.com/obj/tiktok_web_login_static/tiktok_fonts/TikTokFont...
2025-09-08 03:24:20.600 | DEBUG    | src.scraper.tiktok_selenium_scraper:_process_network_message:86 - Video URL yakalandı: https://sf16-website-login.neutral.ttwstatic.com/obj/tiktok_web_login_static/tiktok_fonts/TikTokFont...
2025-09-08 03:24:20.603 | DEBUG    | src.scraper.tiktok_selenium_scraper:_process_network_message:95 - Video request yakalandı: https://library.tiktok.com/api/v1/cdn/1757291055/video/aHR0cHM6Ly92NzcudGlrdG9rY2RuLmNvbS8yODVjZGQ1M...
2025-09-08 03:24:20.607 | DEBUG    | src.scraper.tiktok_selenium_scraper:_process_network_message:95 - Video request yakalandı: https://v77.tiktokcdn.com/285cdd5066a78cd0b5e4443b8a2a9757/68be7698/video/tos/alisg/tos-alisg-ve-005...
2025-09-08 03:24:20.609 | DEBUG    | src.scraper.tiktok_selenium_scraper:_process_network_message:86 - Video URL yakalandı: https://v77.tiktokcdn.com/285cdd5066a78cd0b5e4443b8a2a9757/68be7698/video/tos/alisg/tos-alisg-ve-005...
2025-09-08 03:24:20.611 | DEBUG    | src.scraper.tiktok_selenium_scraper:_process_network_message:95 - Video request yakalandı: https://v77.tiktokcdn.com/285cdd5066a78cd0b5e4443b8a2a9757/68be7698/video/tos/alisg/tos-alisg-ve-005...
2025-09-08 03:24:20.613 | DEBUG    | src.scraper.tiktok_selenium_scraper:_process_network_message:86 - Video URL yakalandı: https://v77.tiktokcdn.com/285cdd5066a78cd0b5e4443b8a2a9757/68be7698/video/tos/alisg/tos-alisg-ve-005...
2025-09-08 03:24:20.615 | DEBUG    | src.scraper.tiktok_selenium_scraper:_process_network_message:95 - Video request yakalandı: https://v77.tiktokcdn.com/285cdd5066a78cd0b5e4443b8a2a9757/68be7698/video/tos/alisg/tos-alisg-ve-005...
2025-09-08 03:24:20.617 | DEBUG    | src.scraper.tiktok_selenium_scraper:_process_network_message:86 - Video URL yakalandı: https://v77.tiktokcdn.com/285cdd5066a78cd0b5e4443b8a2a9757/68be7698/video/tos/alisg/tos-alisg-ve-005...
2025-09-08 03:24:35.691 | INFO     | src.scraper.tiktok_selenium_scraper:capture_network_requests:64 - Network'den 10 video URL yakalandı
2025-09-08 03:24:35.759 | DEBUG    | src.scraper.tiktok_selenium_scraper:_select_best_video_url:266 - URL skorları: [(16, 'https://v77.tiktokcdn.com/285cdd5066a78cd0b5e4443b'), (9, 'https://sf16-sg.tiktokcdn.com/obj/eden-sg/nz_zkh_r'), (9, 'https://sf16-sg.tiktokcdn.com/obj/eden-sg/nz_zkh_r')]
2025-09-08 03:24:35.764 | INFO     | src.scraper.tiktok_selenium_scraper:extract_video_from_detail_page:182 - Detay sayfasından video URL bulundu: https://v77.tiktokcdn.com/285cdd5066a78cd0b5e4443b8a2a9757/68be7698/video/tos/alisg/tos-alisg-ve-005...
2025-09-08 03:24:35.769 | INFO     | src.scraper.tiktok_selenium_scraper:_extract_from_selenium_element:525 - ✅ Network'den video URL bulundu
2025-09-08 03:24:35.842 | INFO     | src.scraper.tiktok_selenium_scraper:extract_video_from_detail_page:146 - Detay sayfasına gidiliyor: https://library.tiktok.com/ads/detail/?ad_id=1842163843425362...
2025-09-08 03:24:35.880 | INFO     | src.scraper.tiktok_selenium_scraper:start_network_monitoring:38 - Network monitoring başlatıldı
2025-09-08 03:24:41.947 | DEBUG    | src.scraper.tiktok_selenium_scraper:_process_network_message:95 - Video request yakalandı: https://sf16-sg.tiktokcdn.com/obj/eden-sg/nz_zkh_rvarpa/ljhwZthlaukjlkulzlp/assets/fonts-tiktok/Text...
2025-09-08 03:24:41.949 | DEBUG    | src.scraper.tiktok_selenium_scraper:_process_network_message:86 - Video URL yakalandı: https://sf16-sg.tiktokcdn.com/obj/eden-sg/nz_zkh_rvarpa/ljhwZthlaukjlkulzlp/assets/fonts-tiktok/Text...
2025-09-08 03:24:41.952 | DEBUG    | src.scraper.tiktok_selenium_scraper:_process_network_message:95 - Video request yakalandı: https://sf16-sg.tiktokcdn.com/obj/eden-sg/nz_zkh_rvarpa/ljhwZthlaukjlkulzlp/assets/fonts-tiktok/Text...
2025-09-08 03:24:41.954 | DEBUG    | src.scraper.tiktok_selenium_scraper:_process_network_message:86 - Video URL yakalandı: https://sf16-sg.tiktokcdn.com/obj/eden-sg/nz_zkh_rvarpa/ljhwZthlaukjlkulzlp/assets/fonts-tiktok/Text...
2025-09-08 03:24:41.955 | DEBUG    | src.scraper.tiktok_selenium_scraper:_process_network_message:95 - Video request yakalandı: https://sf16-sg.tiktokcdn.com/obj/eden-sg/nz_zkh_rvarpa/ljhwZthlaukjlkulzlp/assets/fonts-tiktok/Text...
2025-09-08 03:24:41.957 | DEBUG    | src.scraper.tiktok_selenium_scraper:_process_network_message:86 - Video URL yakalandı: https://sf16-sg.tiktokcdn.com/obj/eden-sg/nz_zkh_rvarpa/ljhwZthlaukjlkulzlp/assets/fonts-tiktok/Text...
2025-09-08 03:24:41.960 | DEBUG    | src.scraper.tiktok_selenium_scraper:_process_network_message:95 - Video request yakalandı: https://sf16-website-login.neutral.ttwstatic.com/obj/tiktok_web_login_static/pns/tiktok-cookie-banne...
2025-09-08 03:24:41.960 | DEBUG    | src.scraper.tiktok_selenium_scraper:_process_network_message:86 - Video URL yakalandı: https://sf16-website-login.neutral.ttwstatic.com/obj/tiktok_web_login_static/pns/tiktok-cookie-banne...
2025-09-08 03:24:41.964 | DEBUG    | src.scraper.tiktok_selenium_scraper:_process_network_message:95 - Video request yakalandı: https://sf16-website-login.neutral.ttwstatic.com/obj/tiktok_web_login_static/tiktok_fonts/TikTokDisp...
2025-09-08 03:24:41.965 | DEBUG    | src.scraper.tiktok_selenium_scraper:_process_network_message:86 - Video URL yakalandı: https://sf16-website-login.neutral.ttwstatic.com/obj/tiktok_web_login_static/tiktok_fonts/TikTokDisp...
2025-09-08 03:24:41.967 | DEBUG    | src.scraper.tiktok_selenium_scraper:_process_network_message:95 - Video request yakalandı: https://sf16-website-login.neutral.ttwstatic.com/obj/tiktok_web_login_static/tiktok_fonts/TikTokFont...
2025-09-08 03:24:41.969 | DEBUG    | src.scraper.tiktok_selenium_scraper:_process_network_message:86 - Video URL yakalandı: https://sf16-website-login.neutral.ttwstatic.com/obj/tiktok_web_login_static/tiktok_fonts/TikTokFont...
2025-09-08 03:24:41.971 | DEBUG    | src.scraper.tiktok_selenium_scraper:_process_network_message:95 - Video request yakalandı: https://sf16-website-login.neutral.ttwstatic.com/obj/tiktok_web_login_static/tiktok_fonts/TikTokFont...
2025-09-08 03:24:41.973 | DEBUG    | src.scraper.tiktok_selenium_scraper:_process_network_message:86 - Video URL yakalandı: https://sf16-website-login.neutral.ttwstatic.com/obj/tiktok_web_login_static/tiktok_fonts/TikTokFont...
2025-09-08 03:24:41.977 | DEBUG    | src.scraper.tiktok_selenium_scraper:_process_network_message:95 - Video request yakalandı: https://sf16-website-login.neutral.ttwstatic.com/obj/tiktok_web_login_static/tiktok_fonts/TikTokFont...
2025-09-08 03:24:41.980 | DEBUG    | src.scraper.tiktok_selenium_scraper:_process_network_message:86 - Video URL yakalandı: https://sf16-website-login.neutral.ttwstatic.com/obj/tiktok_web_login_static/tiktok_fonts/TikTokFont...
2025-09-08 03:24:41.982 | DEBUG    | src.scraper.tiktok_selenium_scraper:_process_network_message:95 - Video request yakalandı: https://library.tiktok.com/api/v1/cdn/1757291077/video/aHR0cHM6Ly92NTgudGlrdG9rY2RuLmNvbS92aWRlby90b...
2025-09-08 03:24:41.984 | DEBUG    | src.scraper.tiktok_selenium_scraper:_process_network_message:95 - Video request yakalandı: https://v58.tiktokcdn.com/video/tos/alisg/tos-alisg-ve-0051c001-sg/o4Is20IBjA1OlwmxzoEA6iiAEoBv0WEHP...
2025-09-08 03:24:41.986 | DEBUG    | src.scraper.tiktok_selenium_scraper:_process_network_message:86 - Video URL yakalandı: https://v58.tiktokcdn.com/video/tos/alisg/tos-alisg-ve-0051c001-sg/o4Is20IBjA1OlwmxzoEA6iiAEoBv0WEHP...
2025-09-08 03:24:41.987 | DEBUG    | src.scraper.tiktok_selenium_scraper:_process_network_message:95 - Video request yakalandı: https://v58.tiktokcdn.com/video/tos/alisg/tos-alisg-ve-0051c001-sg/o4Is20IBjA1OlwmxzoEA6iiAEoBv0WEHP...
2025-09-08 03:24:41.989 | DEBUG    | src.scraper.tiktok_selenium_scraper:_process_network_message:86 - Video URL yakalandı: https://v58.tiktokcdn.com/video/tos/alisg/tos-alisg-ve-0051c001-sg/o4Is20IBjA1OlwmxzoEA6iiAEoBv0WEHP...
2025-09-08 03:24:57.066 | INFO     | src.scraper.tiktok_selenium_scraper:capture_network_requests:64 - Network'den 10 video URL yakalandı
2025-09-08 03:24:57.134 | DEBUG    | src.scraper.tiktok_selenium_scraper:_select_best_video_url:266 - URL skorları: [(16, 'https://v58.tiktokcdn.com/video/tos/alisg/tos-alis'), (9, 'https://sf16-sg.tiktokcdn.com/obj/eden-sg/nz_zkh_r'), (9, 'https://sf16-sg.tiktokcdn.com/obj/eden-sg/nz_zkh_r')]
2025-09-08 03:24:57.139 | INFO     | src.scraper.tiktok_selenium_scraper:extract_video_from_detail_page:182 - Detay sayfasından video URL bulundu: https://v58.tiktokcdn.com/video/tos/alisg/tos-alisg-ve-0051c001-sg/o4Is20IBjA1OlwmxzoEA6iiAEoBv0WEHP...
2025-09-08 03:24:57.147 | INFO     | src.scraper.tiktok_selenium_scraper:_extract_from_selenium_element:525 - ✅ Network'den video URL bulundu
2025-09-08 03:24:57.241 | INFO     | src.scraper.tiktok_selenium_scraper:extract_video_from_detail_page:146 - Detay sayfasına gidiliyor: https://library.tiktok.com/ads/detail/?ad_id=1842163712470017...
2025-09-08 03:24:57.287 | INFO     | src.scraper.tiktok_selenium_scraper:start_network_monitoring:38 - Network monitoring başlatıldı
2025-09-08 03:25:03.369 | DEBUG    | src.scraper.tiktok_selenium_scraper:_process_network_message:95 - Video request yakalandı: https://sf16-sg.tiktokcdn.com/obj/eden-sg/nz_zkh_rvarpa/ljhwZthlaukjlkulzlp/assets/fonts-tiktok/Text...
2025-09-08 03:25:03.371 | DEBUG    | src.scraper.tiktok_selenium_scraper:_process_network_message:86 - Video URL yakalandı: https://sf16-sg.tiktokcdn.com/obj/eden-sg/nz_zkh_rvarpa/ljhwZthlaukjlkulzlp/assets/fonts-tiktok/Text...
2025-09-08 03:25:03.376 | DEBUG    | src.scraper.tiktok_selenium_scraper:_process_network_message:95 - Video request yakalandı: https://sf16-sg.tiktokcdn.com/obj/eden-sg/nz_zkh_rvarpa/ljhwZthlaukjlkulzlp/assets/fonts-tiktok/Text...
2025-09-08 03:25:03.378 | DEBUG    | src.scraper.tiktok_selenium_scraper:_process_network_message:86 - Video URL yakalandı: https://sf16-sg.tiktokcdn.com/obj/eden-sg/nz_zkh_rvarpa/ljhwZthlaukjlkulzlp/assets/fonts-tiktok/Text...
2025-09-08 03:25:03.380 | DEBUG    | src.scraper.tiktok_selenium_scraper:_process_network_message:95 - Video request yakalandı: https://sf16-sg.tiktokcdn.com/obj/eden-sg/nz_zkh_rvarpa/ljhwZthlaukjlkulzlp/assets/fonts-tiktok/Text...
2025-09-08 03:25:03.382 | DEBUG    | src.scraper.tiktok_selenium_scraper:_process_network_message:86 - Video URL yakalandı: https://sf16-sg.tiktokcdn.com/obj/eden-sg/nz_zkh_rvarpa/ljhwZthlaukjlkulzlp/assets/fonts-tiktok/Text...
2025-09-08 03:25:03.384 | DEBUG    | src.scraper.tiktok_selenium_scraper:_process_network_message:95 - Video request yakalandı: https://sf16-website-login.neutral.ttwstatic.com/obj/tiktok_web_login_static/pns/tiktok-cookie-banne...
2025-09-08 03:25:03.388 | DEBUG    | src.scraper.tiktok_selenium_scraper:_process_network_message:86 - Video URL yakalandı: https://sf16-website-login.neutral.ttwstatic.com/obj/tiktok_web_login_static/pns/tiktok-cookie-banne...
2025-09-08 03:25:03.391 | DEBUG    | src.scraper.tiktok_selenium_scraper:_process_network_message:95 - Video request yakalandı: https://sf16-website-login.neutral.ttwstatic.com/obj/tiktok_web_login_static/tiktok_fonts/TikTokDisp...
2025-09-08 03:25:03.393 | DEBUG    | src.scraper.tiktok_selenium_scraper:_process_network_message:86 - Video URL yakalandı: https://sf16-website-login.neutral.ttwstatic.com/obj/tiktok_web_login_static/tiktok_fonts/TikTokDisp...
2025-09-08 03:25:03.397 | DEBUG    | src.scraper.tiktok_selenium_scraper:_process_network_message:95 - Video request yakalandı: https://sf16-website-login.neutral.ttwstatic.com/obj/tiktok_web_login_static/tiktok_fonts/TikTokFont...
2025-09-08 03:25:03.398 | DEBUG    | src.scraper.tiktok_selenium_scraper:_process_network_message:86 - Video URL yakalandı: https://sf16-website-login.neutral.ttwstatic.com/obj/tiktok_web_login_static/tiktok_fonts/TikTokFont...
2025-09-08 03:25:03.400 | DEBUG    | src.scraper.tiktok_selenium_scraper:_process_network_message:95 - Video request yakalandı: https://sf16-website-login.neutral.ttwstatic.com/obj/tiktok_web_login_static/tiktok_fonts/TikTokFont...
2025-09-08 03:25:03.405 | DEBUG    | src.scraper.tiktok_selenium_scraper:_process_network_message:86 - Video URL yakalandı: https://sf16-website-login.neutral.ttwstatic.com/obj/tiktok_web_login_static/tiktok_fonts/TikTokFont...
2025-09-08 03:25:03.407 | DEBUG    | src.scraper.tiktok_selenium_scraper:_process_network_message:95 - Video request yakalandı: https://sf16-website-login.neutral.ttwstatic.com/obj/tiktok_web_login_static/tiktok_fonts/TikTokFont...
2025-09-08 03:25:03.409 | DEBUG    | src.scraper.tiktok_selenium_scraper:_process_network_message:86 - Video URL yakalandı: https://sf16-website-login.neutral.ttwstatic.com/obj/tiktok_web_login_static/tiktok_fonts/TikTokFont...
2025-09-08 03:25:03.411 | DEBUG    | src.scraper.tiktok_selenium_scraper:_process_network_message:95 - Video request yakalandı: https://library.tiktok.com/api/v1/cdn/1757291097/video/aHR0cHM6Ly92MTZtLnRpa3Rva2Nkbi5jb20vMzE1YjFkN...
2025-09-08 03:25:03.412 | DEBUG    | src.scraper.tiktok_selenium_scraper:_process_network_message:95 - Video request yakalandı: https://v16m.tiktokcdn.com/315b1d576a0f98371e9b314fb561710b/68be76c4/video/tos/alisg/tos-alisg-ve-00...
2025-09-08 03:25:03.414 | DEBUG    | src.scraper.tiktok_selenium_scraper:_process_network_message:86 - Video URL yakalandı: https://v16m.tiktokcdn.com/315b1d576a0f98371e9b314fb561710b/68be76c4/video/tos/alisg/tos-alisg-ve-00...
2025-09-08 03:25:03.418 | DEBUG    | src.scraper.tiktok_selenium_scraper:_process_network_message:95 - Video request yakalandı: https://v16m.tiktokcdn.com/315b1d576a0f98371e9b314fb561710b/68be76c4/video/tos/alisg/tos-alisg-ve-00...
2025-09-08 03:25:03.421 | DEBUG    | src.scraper.tiktok_selenium_scraper:_process_network_message:86 - Video URL yakalandı: https://v16m.tiktokcdn.com/315b1d576a0f98371e9b314fb561710b/68be76c4/video/tos/alisg/tos-alisg-ve-00...
2025-09-08 03:25:03.424 | DEBUG    | src.scraper.tiktok_selenium_scraper:_process_network_message:95 - Video request yakalandı: https://v16m.tiktokcdn.com/315b1d576a0f98371e9b314fb561710b/68be76c4/video/tos/alisg/tos-alisg-ve-00...
2025-09-08 03:25:03.426 | DEBUG    | src.scraper.tiktok_selenium_scraper:_process_network_message:86 - Video URL yakalandı: https://v16m.tiktokcdn.com/315b1d576a0f98371e9b314fb561710b/68be76c4/video/tos/alisg/tos-alisg-ve-00...
2025-09-08 03:25:18.498 | INFO     | src.scraper.tiktok_selenium_scraper:capture_network_requests:64 - Network'den 10 video URL yakalandı
2025-09-08 03:25:18.561 | DEBUG    | src.scraper.tiktok_selenium_scraper:_select_best_video_url:266 - URL skorları: [(25, 'https://v16m.tiktokcdn.com/315b1d576a0f98371e9b314'), (17, 'https://library.tiktok.com/api/v1/cdn/1757291097/v'), (9, 'https://sf16-sg.tiktokcdn.com/obj/eden-sg/nz_zkh_r')]
2025-09-08 03:25:18.566 | INFO     | src.scraper.tiktok_selenium_scraper:extract_video_from_detail_page:182 - Detay sayfasından video URL bulundu: https://v16m.tiktokcdn.com/315b1d576a0f98371e9b314fb561710b/68be76c4/video/tos/alisg/tos-alisg-ve-00...
2025-09-08 03:25:18.577 | INFO     | src.scraper.tiktok_selenium_scraper:_extract_from_selenium_element:525 - ✅ Network'den video URL bulundu
2025-09-08 03:25:18.688 | INFO     | src.scraper.tiktok_selenium_scraper:extract_video_from_detail_page:146 - Detay sayfasına gidiliyor: https://library.tiktok.com/ads/detail/?ad_id=1842163637497889...
2025-09-08 03:25:18.743 | INFO     | src.scraper.tiktok_selenium_scraper:start_network_monitoring:38 - Network monitoring başlatıldı
2025-09-08 03:25:24.816 | DEBUG    | src.scraper.tiktok_selenium_scraper:_process_network_message:95 - Video request yakalandı: https://sf16-sg.tiktokcdn.com/obj/eden-sg/nz_zkh_rvarpa/ljhwZthlaukjlkulzlp/assets/fonts-tiktok/Text...
2025-09-08 03:25:24.818 | DEBUG    | src.scraper.tiktok_selenium_scraper:_process_network_message:86 - Video URL yakalandı: https://sf16-sg.tiktokcdn.com/obj/eden-sg/nz_zkh_rvarpa/ljhwZthlaukjlkulzlp/assets/fonts-tiktok/Text...
2025-09-08 03:25:24.821 | DEBUG    | src.scraper.tiktok_selenium_scraper:_process_network_message:95 - Video request yakalandı: https://sf16-sg.tiktokcdn.com/obj/eden-sg/nz_zkh_rvarpa/ljhwZthlaukjlkulzlp/assets/fonts-tiktok/Text...
2025-09-08 03:25:24.823 | DEBUG    | src.scraper.tiktok_selenium_scraper:_process_network_message:86 - Video URL yakalandı: https://sf16-sg.tiktokcdn.com/obj/eden-sg/nz_zkh_rvarpa/ljhwZthlaukjlkulzlp/assets/fonts-tiktok/Text...
2025-09-08 03:25:24.825 | DEBUG    | src.scraper.tiktok_selenium_scraper:_process_network_message:95 - Video request yakalandı: https://sf16-sg.tiktokcdn.com/obj/eden-sg/nz_zkh_rvarpa/ljhwZthlaukjlkulzlp/assets/fonts-tiktok/Text...
2025-09-08 03:25:24.826 | DEBUG    | src.scraper.tiktok_selenium_scraper:_process_network_message:86 - Video URL yakalandı: https://sf16-sg.tiktokcdn.com/obj/eden-sg/nz_zkh_rvarpa/ljhwZthlaukjlkulzlp/assets/fonts-tiktok/Text...
2025-09-08 03:25:24.829 | DEBUG    | src.scraper.tiktok_selenium_scraper:_process_network_message:95 - Video request yakalandı: https://sf16-website-login.neutral.ttwstatic.com/obj/tiktok_web_login_static/pns/tiktok-cookie-banne...
2025-09-08 03:25:24.832 | DEBUG    | src.scraper.tiktok_selenium_scraper:_process_network_message:86 - Video URL yakalandı: https://sf16-website-login.neutral.ttwstatic.com/obj/tiktok_web_login_static/pns/tiktok-cookie-banne...
2025-09-08 03:25:24.834 | DEBUG    | src.scraper.tiktok_selenium_scraper:_process_network_message:95 - Video request yakalandı: https://sf16-website-login.neutral.ttwstatic.com/obj/tiktok_web_login_static/tiktok_fonts/TikTokDisp...
2025-09-08 03:25:24.836 | DEBUG    | src.scraper.tiktok_selenium_scraper:_process_network_message:86 - Video URL yakalandı: https://sf16-website-login.neutral.ttwstatic.com/obj/tiktok_web_login_static/tiktok_fonts/TikTokDisp...
2025-09-08 03:25:24.838 | DEBUG    | src.scraper.tiktok_selenium_scraper:_process_network_message:95 - Video request yakalandı: https://sf16-website-login.neutral.ttwstatic.com/obj/tiktok_web_login_static/tiktok_fonts/TikTokFont...
2025-09-08 03:25:24.840 | DEBUG    | src.scraper.tiktok_selenium_scraper:_process_network_message:86 - Video URL yakalandı: https://sf16-website-login.neutral.ttwstatic.com/obj/tiktok_web_login_static/tiktok_fonts/TikTokFont...
2025-09-08 03:25:24.843 | DEBUG    | src.scraper.tiktok_selenium_scraper:_process_network_message:95 - Video request yakalandı: https://sf16-website-login.neutral.ttwstatic.com/obj/tiktok_web_login_static/tiktok_fonts/TikTokFont...
2025-09-08 03:25:24.845 | DEBUG    | src.scraper.tiktok_selenium_scraper:_process_network_message:86 - Video URL yakalandı: https://sf16-website-login.neutral.ttwstatic.com/obj/tiktok_web_login_static/tiktok_fonts/TikTokFont...
2025-09-08 03:25:24.849 | DEBUG    | src.scraper.tiktok_selenium_scraper:_process_network_message:95 - Video request yakalandı: https://sf16-website-login.neutral.ttwstatic.com/obj/tiktok_web_login_static/tiktok_fonts/TikTokFont...
2025-09-08 03:25:24.851 | DEBUG    | src.scraper.tiktok_selenium_scraper:_process_network_message:86 - Video URL yakalandı: https://sf16-website-login.neutral.ttwstatic.com/obj/tiktok_web_login_static/tiktok_fonts/TikTokFont...
2025-09-08 03:25:24.853 | DEBUG    | src.scraper.tiktok_selenium_scraper:_process_network_message:95 - Video request yakalandı: https://library.tiktok.com/api/v1/cdn/1757291119/video/aHR0cHM6Ly92MTZtLnRpa3Rva2Nkbi5jb20vNTUwMmZhM...
2025-09-08 03:25:24.855 | DEBUG    | src.scraper.tiktok_selenium_scraper:_process_network_message:95 - Video request yakalandı: https://v16m.tiktokcdn.com/5502fa2cb1005f81c89bf78aece8e372/68be76dc/video/tos/alisg/tos-alisg-ve-00...
2025-09-08 03:25:24.856 | DEBUG    | src.scraper.tiktok_selenium_scraper:_process_network_message:86 - Video URL yakalandı: https://v16m.tiktokcdn.com/5502fa2cb1005f81c89bf78aece8e372/68be76dc/video/tos/alisg/tos-alisg-ve-00...
2025-09-08 03:25:24.858 | DEBUG    | src.scraper.tiktok_selenium_scraper:_process_network_message:95 - Video request yakalandı: https://v16m.tiktokcdn.com/5502fa2cb1005f81c89bf78aece8e372/68be76dc/video/tos/alisg/tos-alisg-ve-00...
2025-09-08 03:25:24.860 | DEBUG    | src.scraper.tiktok_selenium_scraper:_process_network_message:86 - Video URL yakalandı: https://v16m.tiktokcdn.com/5502fa2cb1005f81c89bf78aece8e372/68be76dc/video/tos/alisg/tos-alisg-ve-00...
2025-09-08 03:25:24.864 | DEBUG    | src.scraper.tiktok_selenium_scraper:_process_network_message:95 - Video request yakalandı: https://v16m.tiktokcdn.com/5502fa2cb1005f81c89bf78aece8e372/68be76dc/video/tos/alisg/tos-alisg-ve-00...
2025-09-08 03:25:24.866 | DEBUG    | src.scraper.tiktok_selenium_scraper:_process_network_message:86 - Video URL yakalandı: https://v16m.tiktokcdn.com/5502fa2cb1005f81c89bf78aece8e372/68be76dc/video/tos/alisg/tos-alisg-ve-00...
2025-09-08 03:25:39.935 | INFO     | src.scraper.tiktok_selenium_scraper:capture_network_requests:64 - Network'den 10 video URL yakalandı
2025-09-08 03:25:40.014 | DEBUG    | src.scraper.tiktok_selenium_scraper:_select_best_video_url:266 - URL skorları: [(16, 'https://v16m.tiktokcdn.com/5502fa2cb1005f81c89bf78'), (9, 'https://sf16-sg.tiktokcdn.com/obj/eden-sg/nz_zkh_r'), (9, 'https://sf16-sg.tiktokcdn.com/obj/eden-sg/nz_zkh_r')]
2025-09-08 03:25:40.019 | INFO     | src.scraper.tiktok_selenium_scraper:extract_video_from_detail_page:182 - Detay sayfasından video URL bulundu: https://v16m.tiktokcdn.com/5502fa2cb1005f81c89bf78aece8e372/68be76dc/video/tos/alisg/tos-alisg-ve-00...
2025-09-08 03:25:40.029 | INFO     | src.scraper.tiktok_selenium_scraper:_extract_from_selenium_element:525 - ✅ Network'den video URL bulundu
2025-09-08 03:25:40.109 | INFO     | src.scraper.tiktok_selenium_scraper:extract_video_from_detail_page:146 - Detay sayfasına gidiliyor: https://library.tiktok.com/ads/detail/?ad_id=1842163601048609...
2025-09-08 03:25:40.154 | INFO     | src.scraper.tiktok_selenium_scraper:start_network_monitoring:38 - Network monitoring başlatıldı
2025-09-08 03:25:46.230 | DEBUG    | src.scraper.tiktok_selenium_scraper:_process_network_message:95 - Video request yakalandı: https://sf16-sg.tiktokcdn.com/obj/eden-sg/nz_zkh_rvarpa/ljhwZthlaukjlkulzlp/assets/fonts-tiktok/Text...
2025-09-08 03:25:46.232 | DEBUG    | src.scraper.tiktok_selenium_scraper:_process_network_message:86 - Video URL yakalandı: https://sf16-sg.tiktokcdn.com/obj/eden-sg/nz_zkh_rvarpa/ljhwZthlaukjlkulzlp/assets/fonts-tiktok/Text...
2025-09-08 03:25:46.234 | DEBUG    | src.scraper.tiktok_selenium_scraper:_process_network_message:95 - Video request yakalandı: https://sf16-sg.tiktokcdn.com/obj/eden-sg/nz_zkh_rvarpa/ljhwZthlaukjlkulzlp/assets/fonts-tiktok/Text...
2025-09-08 03:25:46.235 | DEBUG    | src.scraper.tiktok_selenium_scraper:_process_network_message:86 - Video URL yakalandı: https://sf16-sg.tiktokcdn.com/obj/eden-sg/nz_zkh_rvarpa/ljhwZthlaukjlkulzlp/assets/fonts-tiktok/Text...
2025-09-08 03:25:46.236 | DEBUG    | src.scraper.tiktok_selenium_scraper:_process_network_message:95 - Video request yakalandı: https://sf16-sg.tiktokcdn.com/obj/eden-sg/nz_zkh_rvarpa/ljhwZthlaukjlkulzlp/assets/fonts-tiktok/Text...
2025-09-08 03:25:46.237 | DEBUG    | src.scraper.tiktok_selenium_scraper:_process_network_message:86 - Video URL yakalandı: https://sf16-sg.tiktokcdn.com/obj/eden-sg/nz_zkh_rvarpa/ljhwZthlaukjlkulzlp/assets/fonts-tiktok/Text...
2025-09-08 03:25:46.240 | DEBUG    | src.scraper.tiktok_selenium_scraper:_process_network_message:95 - Video request yakalandı: https://sf16-website-login.neutral.ttwstatic.com/obj/tiktok_web_login_static/pns/tiktok-cookie-banne...
2025-09-08 03:25:46.241 | DEBUG    | src.scraper.tiktok_selenium_scraper:_process_network_message:86 - Video URL yakalandı: https://sf16-website-login.neutral.ttwstatic.com/obj/tiktok_web_login_static/pns/tiktok-cookie-banne...
2025-09-08 03:25:46.242 | DEBUG    | src.scraper.tiktok_selenium_scraper:_process_network_message:95 - Video request yakalandı: https://sf16-website-login.neutral.ttwstatic.com/obj/tiktok_web_login_static/tiktok_fonts/TikTokDisp...
2025-09-08 03:25:46.244 | DEBUG    | src.scraper.tiktok_selenium_scraper:_process_network_message:86 - Video URL yakalandı: https://sf16-website-login.neutral.ttwstatic.com/obj/tiktok_web_login_static/tiktok_fonts/TikTokDisp...
2025-09-08 03:25:46.245 | DEBUG    | src.scraper.tiktok_selenium_scraper:_process_network_message:95 - Video request yakalandı: https://sf16-website-login.neutral.ttwstatic.com/obj/tiktok_web_login_static/tiktok_fonts/TikTokFont...
2025-09-08 03:25:46.246 | DEBUG    | src.scraper.tiktok_selenium_scraper:_process_network_message:86 - Video URL yakalandı: https://sf16-website-login.neutral.ttwstatic.com/obj/tiktok_web_login_static/tiktok_fonts/TikTokFont...
2025-09-08 03:25:46.248 | DEBUG    | src.scraper.tiktok_selenium_scraper:_process_network_message:95 - Video request yakalandı: https://sf16-website-login.neutral.ttwstatic.com/obj/tiktok_web_login_static/tiktok_fonts/TikTokFont...
2025-09-08 03:25:46.249 | DEBUG    | src.scraper.tiktok_selenium_scraper:_process_network_message:86 - Video URL yakalandı: https://sf16-website-login.neutral.ttwstatic.com/obj/tiktok_web_login_static/tiktok_fonts/TikTokFont...
2025-09-08 03:25:46.251 | DEBUG    | src.scraper.tiktok_selenium_scraper:_process_network_message:95 - Video request yakalandı: https://sf16-website-login.neutral.ttwstatic.com/obj/tiktok_web_login_static/tiktok_fonts/TikTokFont...
2025-09-08 03:25:46.253 | DEBUG    | src.scraper.tiktok_selenium_scraper:_process_network_message:86 - Video URL yakalandı: https://sf16-website-login.neutral.ttwstatic.com/obj/tiktok_web_login_static/tiktok_fonts/TikTokFont...
2025-09-08 03:25:46.254 | DEBUG    | src.scraper.tiktok_selenium_scraper:_process_network_message:95 - Video request yakalandı: https://library.tiktok.com/api/v1/cdn/1757291141/video/aHR0cHM6Ly92NzcudGlrdG9rY2RuLmNvbS9mZGYwMGI3Z...
2025-09-08 03:25:46.255 | DEBUG    | src.scraper.tiktok_selenium_scraper:_process_network_message:95 - Video request yakalandı: https://v77.tiktokcdn.com/fdf00b7fafe3ccffd2cdbbcd51786bfd/68be76ef/video/tos/alisg/tos-alisg-ve-005...
2025-09-08 03:25:46.259 | DEBUG    | src.scraper.tiktok_selenium_scraper:_process_network_message:86 - Video URL yakalandı: https://v77.tiktokcdn.com/fdf00b7fafe3ccffd2cdbbcd51786bfd/68be76ef/video/tos/alisg/tos-alisg-ve-005...
2025-09-08 03:25:46.261 | DEBUG    | src.scraper.tiktok_selenium_scraper:_process_network_message:95 - Video request yakalandı: https://v77.tiktokcdn.com/fdf00b7fafe3ccffd2cdbbcd51786bfd/68be76ef/video/tos/alisg/tos-alisg-ve-005...
2025-09-08 03:25:46.262 | DEBUG    | src.scraper.tiktok_selenium_scraper:_process_network_message:86 - Video URL yakalandı: https://v77.tiktokcdn.com/fdf00b7fafe3ccffd2cdbbcd51786bfd/68be76ef/video/tos/alisg/tos-alisg-ve-005...
2025-09-08 03:25:46.264 | DEBUG    | src.scraper.tiktok_selenium_scraper:_process_network_message:95 - Video request yakalandı: https://v77.tiktokcdn.com/fdf00b7fafe3ccffd2cdbbcd51786bfd/68be76ef/video/tos/alisg/tos-alisg-ve-005...
2025-09-08 03:25:46.265 | DEBUG    | src.scraper.tiktok_selenium_scraper:_process_network_message:86 - Video URL yakalandı: https://v77.tiktokcdn.com/fdf00b7fafe3ccffd2cdbbcd51786bfd/68be76ef/video/tos/alisg/tos-alisg-ve-005...
2025-09-08 03:26:01.345 | INFO     | src.scraper.tiktok_selenium_scraper:capture_network_requests:64 - Network'den 10 video URL yakalandı
2025-09-08 03:26:01.401 | DEBUG    | src.scraper.tiktok_selenium_scraper:_select_best_video_url:266 - URL skorları: [(17, 'https://library.tiktok.com/api/v1/cdn/1757291141/v'), (16, 'https://v77.tiktokcdn.com/fdf00b7fafe3ccffd2cdbbcd'), (9, 'https://sf16-sg.tiktokcdn.com/obj/eden-sg/nz_zkh_r')]
2025-09-08 03:26:01.403 | INFO     | src.scraper.tiktok_selenium_scraper:extract_video_from_detail_page:182 - Detay sayfasından video URL bulundu: https://library.tiktok.com/api/v1/cdn/1757291141/video/aHR0cHM6Ly92NzcudGlrdG9rY2RuLmNvbS9mZGYwMGI3Z...
2025-09-08 03:26:01.404 | INFO     | src.scraper.tiktok_selenium_scraper:_extract_from_selenium_element:525 - ✅ Network'den video URL bulundu
2025-09-08 03:26:01.457 | INFO     | src.scraper.tiktok_selenium_scraper:extract_video_from_detail_page:146 - Detay sayfasına gidiliyor: https://library.tiktok.com/ads/detail/?ad_id=1842163499643937...
2025-09-08 03:26:01.490 | INFO     | src.scraper.tiktok_selenium_scraper:start_network_monitoring:38 - Network monitoring başlatıldı
2025-09-08 03:26:07.550 | DEBUG    | src.scraper.tiktok_selenium_scraper:_process_network_message:95 - Video request yakalandı: https://sf16-sg.tiktokcdn.com/obj/eden-sg/nz_zkh_rvarpa/ljhwZthlaukjlkulzlp/assets/fonts-tiktok/Text...
2025-09-08 03:26:07.552 | DEBUG    | src.scraper.tiktok_selenium_scraper:_process_network_message:86 - Video URL yakalandı: https://sf16-sg.tiktokcdn.com/obj/eden-sg/nz_zkh_rvarpa/ljhwZthlaukjlkulzlp/assets/fonts-tiktok/Text...
2025-09-08 03:26:07.553 | DEBUG    | src.scraper.tiktok_selenium_scraper:_process_network_message:95 - Video request yakalandı: https://sf16-sg.tiktokcdn.com/obj/eden-sg/nz_zkh_rvarpa/ljhwZthlaukjlkulzlp/assets/fonts-tiktok/Text...
2025-09-08 03:26:07.554 | DEBUG    | src.scraper.tiktok_selenium_scraper:_process_network_message:86 - Video URL yakalandı: https://sf16-sg.tiktokcdn.com/obj/eden-sg/nz_zkh_rvarpa/ljhwZthlaukjlkulzlp/assets/fonts-tiktok/Text...
2025-09-08 03:26:07.555 | DEBUG    | src.scraper.tiktok_selenium_scraper:_process_network_message:95 - Video request yakalandı: https://sf16-sg.tiktokcdn.com/obj/eden-sg/nz_zkh_rvarpa/ljhwZthlaukjlkulzlp/assets/fonts-tiktok/Text...
2025-09-08 03:26:07.556 | DEBUG    | src.scraper.tiktok_selenium_scraper:_process_network_message:86 - Video URL yakalandı: https://sf16-sg.tiktokcdn.com/obj/eden-sg/nz_zkh_rvarpa/ljhwZthlaukjlkulzlp/assets/fonts-tiktok/Text...
2025-09-08 03:26:07.559 | DEBUG    | src.scraper.tiktok_selenium_scraper:_process_network_message:95 - Video request yakalandı: https://sf16-website-login.neutral.ttwstatic.com/obj/tiktok_web_login_static/pns/tiktok-cookie-banne...
2025-09-08 03:26:07.560 | DEBUG    | src.scraper.tiktok_selenium_scraper:_process_network_message:86 - Video URL yakalandı: https://sf16-website-login.neutral.ttwstatic.com/obj/tiktok_web_login_static/pns/tiktok-cookie-banne...
2025-09-08 03:26:07.561 | DEBUG    | src.scraper.tiktok_selenium_scraper:_process_network_message:95 - Video request yakalandı: https://sf16-website-login.neutral.ttwstatic.com/obj/tiktok_web_login_static/tiktok_fonts/TikTokDisp...
2025-09-08 03:26:07.562 | DEBUG    | src.scraper.tiktok_selenium_scraper:_process_network_message:86 - Video URL yakalandı: https://sf16-website-login.neutral.ttwstatic.com/obj/tiktok_web_login_static/tiktok_fonts/TikTokDisp...
2025-09-08 03:26:07.564 | DEBUG    | src.scraper.tiktok_selenium_scraper:_process_network_message:95 - Video request yakalandı: https://sf16-website-login.neutral.ttwstatic.com/obj/tiktok_web_login_static/tiktok_fonts/TikTokFont...
2025-09-08 03:26:07.565 | DEBUG    | src.scraper.tiktok_selenium_scraper:_process_network_message:86 - Video URL yakalandı: https://sf16-website-login.neutral.ttwstatic.com/obj/tiktok_web_login_static/tiktok_fonts/TikTokFont...
2025-09-08 03:26:07.566 | DEBUG    | src.scraper.tiktok_selenium_scraper:_process_network_message:95 - Video request yakalandı: https://sf16-website-login.neutral.ttwstatic.com/obj/tiktok_web_login_static/tiktok_fonts/TikTokFont...
2025-09-08 03:26:07.567 | DEBUG    | src.scraper.tiktok_selenium_scraper:_process_network_message:86 - Video URL yakalandı: https://sf16-website-login.neutral.ttwstatic.com/obj/tiktok_web_login_static/tiktok_fonts/TikTokFont...
2025-09-08 03:26:07.569 | DEBUG    | src.scraper.tiktok_selenium_scraper:_process_network_message:95 - Video request yakalandı: https://sf16-website-login.neutral.ttwstatic.com/obj/tiktok_web_login_static/tiktok_fonts/TikTokFont...
2025-09-08 03:26:07.571 | DEBUG    | src.scraper.tiktok_selenium_scraper:_process_network_message:86 - Video URL yakalandı: https://sf16-website-login.neutral.ttwstatic.com/obj/tiktok_web_login_static/tiktok_fonts/TikTokFont...
2025-09-08 03:26:07.572 | DEBUG    | src.scraper.tiktok_selenium_scraper:_process_network_message:95 - Video request yakalandı: https://library.tiktok.com/api/v1/cdn/1757291162/video/aHR0cHM6Ly92NzcudGlrdG9rY2RuLmNvbS9jN2VhNmExN...
2025-09-08 03:26:07.574 | DEBUG    | src.scraper.tiktok_selenium_scraper:_process_network_message:95 - Video request yakalandı: https://v77.tiktokcdn.com/c7ea6a141a75cc4d637c1b0b71b90699/68be770b/video/tos/alisg/tos-alisg-ve-005...
2025-09-08 03:26:07.575 | DEBUG    | src.scraper.tiktok_selenium_scraper:_process_network_message:86 - Video URL yakalandı: https://v77.tiktokcdn.com/c7ea6a141a75cc4d637c1b0b71b90699/68be770b/video/tos/alisg/tos-alisg-ve-005...
2025-09-08 03:26:07.576 | DEBUG    | src.scraper.tiktok_selenium_scraper:_process_network_message:95 - Video request yakalandı: https://v77.tiktokcdn.com/c7ea6a141a75cc4d637c1b0b71b90699/68be770b/video/tos/alisg/tos-alisg-ve-005...
2025-09-08 03:26:07.577 | DEBUG    | src.scraper.tiktok_selenium_scraper:_process_network_message:86 - Video URL yakalandı: https://v77.tiktokcdn.com/c7ea6a141a75cc4d637c1b0b71b90699/68be770b/video/tos/alisg/tos-alisg-ve-005...
2025-09-08 03:26:07.579 | DEBUG    | src.scraper.tiktok_selenium_scraper:_process_network_message:95 - Video request yakalandı: https://v77.tiktokcdn.com/c7ea6a141a75cc4d637c1b0b71b90699/68be770b/video/tos/alisg/tos-alisg-ve-005...
2025-09-08 03:26:07.580 | DEBUG    | src.scraper.tiktok_selenium_scraper:_process_network_message:86 - Video URL yakalandı: https://v77.tiktokcdn.com/c7ea6a141a75cc4d637c1b0b71b90699/68be770b/video/tos/alisg/tos-alisg-ve-005...
2025-09-08 03:26:22.715 | INFO     | src.scraper.tiktok_selenium_scraper:capture_network_requests:64 - Network'den 10 video URL yakalandı
2025-09-08 03:26:22.775 | DEBUG    | src.scraper.tiktok_selenium_scraper:_select_best_video_url:266 - URL skorları: [(16, 'https://v77.tiktokcdn.com/c7ea6a141a75cc4d637c1b0b'), (9, 'https://sf16-sg.tiktokcdn.com/obj/eden-sg/nz_zkh_r'), (9, 'https://sf16-sg.tiktokcdn.com/obj/eden-sg/nz_zkh_r')]
2025-09-08 03:26:22.778 | INFO     | src.scraper.tiktok_selenium_scraper:extract_video_from_detail_page:182 - Detay sayfasından video URL bulundu: https://v77.tiktokcdn.com/c7ea6a141a75cc4d637c1b0b71b90699/68be770b/video/tos/alisg/tos-alisg-ve-005...
2025-09-08 03:26:22.783 | INFO     | src.scraper.tiktok_selenium_scraper:_extract_from_selenium_element:525 - ✅ Network'den video URL bulundu
2025-09-08 03:26:22.841 | INFO     | src.scraper.tiktok_selenium_scraper:extract_video_from_detail_page:146 - Detay sayfasına gidiliyor: https://library.tiktok.com/ads/detail/?ad_id=1842163340400818...
2025-09-08 03:26:22.875 | INFO     | src.scraper.tiktok_selenium_scraper:start_network_monitoring:38 - Network monitoring başlatıldı
2025-09-08 03:26:28.936 | DEBUG    | src.scraper.tiktok_selenium_scraper:_process_network_message:95 - Video request yakalandı: https://sf16-sg.tiktokcdn.com/obj/eden-sg/nz_zkh_rvarpa/ljhwZthlaukjlkulzlp/assets/fonts-tiktok/Text...
2025-09-08 03:26:28.938 | DEBUG    | src.scraper.tiktok_selenium_scraper:_process_network_message:86 - Video URL yakalandı: https://sf16-sg.tiktokcdn.com/obj/eden-sg/nz_zkh_rvarpa/ljhwZthlaukjlkulzlp/assets/fonts-tiktok/Text...
2025-09-08 03:26:28.940 | DEBUG    | src.scraper.tiktok_selenium_scraper:_process_network_message:95 - Video request yakalandı: https://sf16-sg.tiktokcdn.com/obj/eden-sg/nz_zkh_rvarpa/ljhwZthlaukjlkulzlp/assets/fonts-tiktok/Text...
2025-09-08 03:26:28.941 | DEBUG    | src.scraper.tiktok_selenium_scraper:_process_network_message:86 - Video URL yakalandı: https://sf16-sg.tiktokcdn.com/obj/eden-sg/nz_zkh_rvarpa/ljhwZthlaukjlkulzlp/assets/fonts-tiktok/Text...
2025-09-08 03:26:28.942 | DEBUG    | src.scraper.tiktok_selenium_scraper:_process_network_message:95 - Video request yakalandı: https://sf16-sg.tiktokcdn.com/obj/eden-sg/nz_zkh_rvarpa/ljhwZthlaukjlkulzlp/assets/fonts-tiktok/Text...
2025-09-08 03:26:28.944 | DEBUG    | src.scraper.tiktok_selenium_scraper:_process_network_message:86 - Video URL yakalandı: https://sf16-sg.tiktokcdn.com/obj/eden-sg/nz_zkh_rvarpa/ljhwZthlaukjlkulzlp/assets/fonts-tiktok/Text...
2025-09-08 03:26:28.946 | DEBUG    | src.scraper.tiktok_selenium_scraper:_process_network_message:95 - Video request yakalandı: https://sf16-website-login.neutral.ttwstatic.com/obj/tiktok_web_login_static/pns/tiktok-cookie-banne...
2025-09-08 03:26:28.948 | DEBUG    | src.scraper.tiktok_selenium_scraper:_process_network_message:86 - Video URL yakalandı: https://sf16-website-login.neutral.ttwstatic.com/obj/tiktok_web_login_static/pns/tiktok-cookie-banne...
2025-09-08 03:26:28.949 | DEBUG    | src.scraper.tiktok_selenium_scraper:_process_network_message:95 - Video request yakalandı: https://sf16-website-login.neutral.ttwstatic.com/obj/tiktok_web_login_static/tiktok_fonts/TikTokDisp...
2025-09-08 03:26:28.951 | DEBUG    | src.scraper.tiktok_selenium_scraper:_process_network_message:86 - Video URL yakalandı: https://sf16-website-login.neutral.ttwstatic.com/obj/tiktok_web_login_static/tiktok_fonts/TikTokDisp...
2025-09-08 03:26:28.952 | DEBUG    | src.scraper.tiktok_selenium_scraper:_process_network_message:95 - Video request yakalandı: https://sf16-website-login.neutral.ttwstatic.com/obj/tiktok_web_login_static/tiktok_fonts/TikTokFont...
2025-09-08 03:26:28.955 | DEBUG    | src.scraper.tiktok_selenium_scraper:_process_network_message:86 - Video URL yakalandı: https://sf16-website-login.neutral.ttwstatic.com/obj/tiktok_web_login_static/tiktok_fonts/TikTokFont...
2025-09-08 03:26:28.957 | DEBUG    | src.scraper.tiktok_selenium_scraper:_process_network_message:95 - Video request yakalandı: https://sf16-website-login.neutral.ttwstatic.com/obj/tiktok_web_login_static/tiktok_fonts/TikTokFont...
2025-09-08 03:26:28.960 | DEBUG    | src.scraper.tiktok_selenium_scraper:_process_network_message:86 - Video URL yakalandı: https://sf16-website-login.neutral.ttwstatic.com/obj/tiktok_web_login_static/tiktok_fonts/TikTokFont...
2025-09-08 03:26:28.962 | DEBUG    | src.scraper.tiktok_selenium_scraper:_process_network_message:95 - Video request yakalandı: https://sf16-website-login.neutral.ttwstatic.com/obj/tiktok_web_login_static/tiktok_fonts/TikTokFont...
2025-09-08 03:26:28.964 | DEBUG    | src.scraper.tiktok_selenium_scraper:_process_network_message:86 - Video URL yakalandı: https://sf16-website-login.neutral.ttwstatic.com/obj/tiktok_web_login_static/tiktok_fonts/TikTokFont...
2025-09-08 03:26:28.965 | DEBUG    | src.scraper.tiktok_selenium_scraper:_process_network_message:95 - Video request yakalandı: https://library.tiktok.com/api/v1/cdn/1757291183/video/aHR0cHM6Ly92NzcudGlrdG9rY2RuLmNvbS8xYjdmMjJiM...
2025-09-08 03:26:28.966 | DEBUG    | src.scraper.tiktok_selenium_scraper:_process_network_message:95 - Video request yakalandı: https://v77.tiktokcdn.com/1b7f22b0451e2087b12d341c1d6cb3d0/68be771c/video/tos/alisg/tos-alisg-ve-005...
2025-09-08 03:26:28.968 | DEBUG    | src.scraper.tiktok_selenium_scraper:_process_network_message:86 - Video URL yakalandı: https://v77.tiktokcdn.com/1b7f22b0451e2087b12d341c1d6cb3d0/68be771c/video/tos/alisg/tos-alisg-ve-005...
2025-09-08 03:26:28.969 | DEBUG    | src.scraper.tiktok_selenium_scraper:_process_network_message:95 - Video request yakalandı: https://v77.tiktokcdn.com/1b7f22b0451e2087b12d341c1d6cb3d0/68be771c/video/tos/alisg/tos-alisg-ve-005...
2025-09-08 03:26:28.970 | DEBUG    | src.scraper.tiktok_selenium_scraper:_process_network_message:86 - Video URL yakalandı: https://v77.tiktokcdn.com/1b7f22b0451e2087b12d341c1d6cb3d0/68be771c/video/tos/alisg/tos-alisg-ve-005...
2025-09-08 03:26:28.972 | DEBUG    | src.scraper.tiktok_selenium_scraper:_process_network_message:95 - Video request yakalandı: https://v77.tiktokcdn.com/1b7f22b0451e2087b12d341c1d6cb3d0/68be771c/video/tos/alisg/tos-alisg-ve-005...
2025-09-08 03:26:28.973 | DEBUG    | src.scraper.tiktok_selenium_scraper:_process_network_message:86 - Video URL yakalandı: https://v77.tiktokcdn.com/1b7f22b0451e2087b12d341c1d6cb3d0/68be771c/video/tos/alisg/tos-alisg-ve-005...
2025-09-08 03:26:44.050 | INFO     | src.scraper.tiktok_selenium_scraper:capture_network_requests:64 - Network'den 10 video URL yakalandı
2025-09-08 03:26:44.106 | DEBUG    | src.scraper.tiktok_selenium_scraper:_select_best_video_url:266 - URL skorları: [(16, 'https://v77.tiktokcdn.com/1b7f22b0451e2087b12d341c'), (9, 'https://sf16-sg.tiktokcdn.com/obj/eden-sg/nz_zkh_r'), (9, 'https://sf16-sg.tiktokcdn.com/obj/eden-sg/nz_zkh_r')]
2025-09-08 03:26:44.108 | INFO     | src.scraper.tiktok_selenium_scraper:extract_video_from_detail_page:182 - Detay sayfasından video URL bulundu: https://v77.tiktokcdn.com/1b7f22b0451e2087b12d341c1d6cb3d0/68be771c/video/tos/alisg/tos-alisg-ve-005...
2025-09-08 03:26:44.113 | INFO     | src.scraper.tiktok_selenium_scraper:_extract_from_selenium_element:525 - ✅ Network'den video URL bulundu
2025-09-08 03:26:44.181 | INFO     | src.scraper.tiktok_selenium_scraper:extract_video_from_detail_page:146 - Detay sayfasına gidiliyor: https://library.tiktok.com/ads/detail/?ad_id=1842163268945954...
2025-09-08 03:26:44.214 | INFO     | src.scraper.tiktok_selenium_scraper:start_network_monitoring:38 - Network monitoring başlatıldı
2025-09-08 03:26:50.298 | DEBUG    | src.scraper.tiktok_selenium_scraper:_process_network_message:95 - Video request yakalandı: https://sf16-sg.tiktokcdn.com/obj/eden-sg/nz_zkh_rvarpa/ljhwZthlaukjlkulzlp/assets/fonts-tiktok/Text...
2025-09-08 03:26:50.300 | DEBUG    | src.scraper.tiktok_selenium_scraper:_process_network_message:86 - Video URL yakalandı: https://sf16-sg.tiktokcdn.com/obj/eden-sg/nz_zkh_rvarpa/ljhwZthlaukjlkulzlp/assets/fonts-tiktok/Text...
2025-09-08 03:26:50.301 | DEBUG    | src.scraper.tiktok_selenium_scraper:_process_network_message:95 - Video request yakalandı: https://sf16-sg.tiktokcdn.com/obj/eden-sg/nz_zkh_rvarpa/ljhwZthlaukjlkulzlp/assets/fonts-tiktok/Text...
2025-09-08 03:26:50.303 | DEBUG    | src.scraper.tiktok_selenium_scraper:_process_network_message:86 - Video URL yakalandı: https://sf16-sg.tiktokcdn.com/obj/eden-sg/nz_zkh_rvarpa/ljhwZthlaukjlkulzlp/assets/fonts-tiktok/Text...
2025-09-08 03:26:50.304 | DEBUG    | src.scraper.tiktok_selenium_scraper:_process_network_message:95 - Video request yakalandı: https://sf16-sg.tiktokcdn.com/obj/eden-sg/nz_zkh_rvarpa/ljhwZthlaukjlkulzlp/assets/fonts-tiktok/Text...
2025-09-08 03:26:50.305 | DEBUG    | src.scraper.tiktok_selenium_scraper:_process_network_message:86 - Video URL yakalandı: https://sf16-sg.tiktokcdn.com/obj/eden-sg/nz_zkh_rvarpa/ljhwZthlaukjlkulzlp/assets/fonts-tiktok/Text...
2025-09-08 03:26:50.307 | DEBUG    | src.scraper.tiktok_selenium_scraper:_process_network_message:95 - Video request yakalandı: https://sf16-website-login.neutral.ttwstatic.com/obj/tiktok_web_login_static/pns/tiktok-cookie-banne...
2025-09-08 03:26:50.308 | DEBUG    | src.scraper.tiktok_selenium_scraper:_process_network_message:86 - Video URL yakalandı: https://sf16-website-login.neutral.ttwstatic.com/obj/tiktok_web_login_static/pns/tiktok-cookie-banne...
2025-09-08 03:26:50.310 | DEBUG    | src.scraper.tiktok_selenium_scraper:_process_network_message:95 - Video request yakalandı: https://sf16-website-login.neutral.ttwstatic.com/obj/tiktok_web_login_static/tiktok_fonts/TikTokDisp...
2025-09-08 03:26:50.311 | DEBUG    | src.scraper.tiktok_selenium_scraper:_process_network_message:86 - Video URL yakalandı: https://sf16-website-login.neutral.ttwstatic.com/obj/tiktok_web_login_static/tiktok_fonts/TikTokDisp...
2025-09-08 03:26:50.312 | DEBUG    | src.scraper.tiktok_selenium_scraper:_process_network_message:95 - Video request yakalandı: https://sf16-website-login.neutral.ttwstatic.com/obj/tiktok_web_login_static/tiktok_fonts/TikTokFont...
2025-09-08 03:26:50.314 | DEBUG    | src.scraper.tiktok_selenium_scraper:_process_network_message:86 - Video URL yakalandı: https://sf16-website-login.neutral.ttwstatic.com/obj/tiktok_web_login_static/tiktok_fonts/TikTokFont...
2025-09-08 03:26:50.315 | DEBUG    | src.scraper.tiktok_selenium_scraper:_process_network_message:95 - Video request yakalandı: https://sf16-website-login.neutral.ttwstatic.com/obj/tiktok_web_login_static/tiktok_fonts/TikTokFont...
2025-09-08 03:26:50.316 | DEBUG    | src.scraper.tiktok_selenium_scraper:_process_network_message:86 - Video URL yakalandı: https://sf16-website-login.neutral.ttwstatic.com/obj/tiktok_web_login_static/tiktok_fonts/TikTokFont...
2025-09-08 03:26:50.317 | DEBUG    | src.scraper.tiktok_selenium_scraper:_process_network_message:95 - Video request yakalandı: https://sf16-website-login.neutral.ttwstatic.com/obj/tiktok_web_login_static/tiktok_fonts/TikTokFont...
2025-09-08 03:26:50.319 | DEBUG    | src.scraper.tiktok_selenium_scraper:_process_network_message:86 - Video URL yakalandı: https://sf16-website-login.neutral.ttwstatic.com/obj/tiktok_web_login_static/tiktok_fonts/TikTokFont...
2025-09-08 03:26:50.320 | DEBUG    | src.scraper.tiktok_selenium_scraper:_process_network_message:95 - Video request yakalandı: https://library.tiktok.com/api/v1/cdn/1757291204/video/aHR0cHM6Ly92NzcudGlrdG9rY2RuLmNvbS82Y2Y0YzNjZ...
2025-09-08 03:26:50.321 | DEBUG    | src.scraper.tiktok_selenium_scraper:_process_network_message:95 - Video request yakalandı: https://v77.tiktokcdn.com/6cf4c3cfde683e21141a014091cd29d2/68be772e/video/tos/alisg/tos-alisg-ve-005...
2025-09-08 03:26:50.322 | DEBUG    | src.scraper.tiktok_selenium_scraper:_process_network_message:86 - Video URL yakalandı: https://v77.tiktokcdn.com/6cf4c3cfde683e21141a014091cd29d2/68be772e/video/tos/alisg/tos-alisg-ve-005...
2025-09-08 03:26:50.323 | DEBUG    | src.scraper.tiktok_selenium_scraper:_process_network_message:95 - Video request yakalandı: https://v77.tiktokcdn.com/6cf4c3cfde683e21141a014091cd29d2/68be772e/video/tos/alisg/tos-alisg-ve-005...
2025-09-08 03:26:50.325 | DEBUG    | src.scraper.tiktok_selenium_scraper:_process_network_message:86 - Video URL yakalandı: https://v77.tiktokcdn.com/6cf4c3cfde683e21141a014091cd29d2/68be772e/video/tos/alisg/tos-alisg-ve-005...
2025-09-08 03:26:50.326 | DEBUG    | src.scraper.tiktok_selenium_scraper:_process_network_message:95 - Video request yakalandı: https://v77.tiktokcdn.com/6cf4c3cfde683e21141a014091cd29d2/68be772e/video/tos/alisg/tos-alisg-ve-005...
2025-09-08 03:26:50.328 | DEBUG    | src.scraper.tiktok_selenium_scraper:_process_network_message:86 - Video URL yakalandı: https://v77.tiktokcdn.com/6cf4c3cfde683e21141a014091cd29d2/68be772e/video/tos/alisg/tos-alisg-ve-005...
2025-09-08 03:26:50.328 | DEBUG    | src.scraper.tiktok_selenium_scraper:_process_network_message:95 - Video request yakalandı: https://v77.tiktokcdn.com/6cf4c3cfde683e21141a014091cd29d2/68be772e/video/tos/alisg/tos-alisg-ve-005...
2025-09-08 03:26:50.330 | DEBUG    | src.scraper.tiktok_selenium_scraper:_process_network_message:86 - Video URL yakalandı: https://v77.tiktokcdn.com/6cf4c3cfde683e21141a014091cd29d2/68be772e/video/tos/alisg/tos-alisg-ve-005...
2025-09-08 03:27:05.404 | INFO     | src.scraper.tiktok_selenium_scraper:capture_network_requests:64 - Network'den 10 video URL yakalandı
2025-09-08 03:27:05.463 | DEBUG    | src.scraper.tiktok_selenium_scraper:_select_best_video_url:266 - URL skorları: [(16, 'https://v77.tiktokcdn.com/6cf4c3cfde683e21141a0140'), (9, 'https://sf16-sg.tiktokcdn.com/obj/eden-sg/nz_zkh_r'), (9, 'https://sf16-sg.tiktokcdn.com/obj/eden-sg/nz_zkh_r')]
2025-09-08 03:27:05.466 | INFO     | src.scraper.tiktok_selenium_scraper:extract_video_from_detail_page:182 - Detay sayfasından video URL bulundu: https://v77.tiktokcdn.com/6cf4c3cfde683e21141a014091cd29d2/68be772e/video/tos/alisg/tos-alisg-ve-005...
2025-09-08 03:27:05.470 | INFO     | src.scraper.tiktok_selenium_scraper:_extract_from_selenium_element:525 - ✅ Network'den video URL bulundu
2025-09-08 03:27:05.517 | INFO     | src.scraper.tiktok_selenium_scraper:search_ads_by_advertiser:387 - 'isbank' için 12 reklam bulundu
2025-09-08 03:27:09.564 | INFO     | src.scraper.tiktok_selenium_scraper:search_ads_by_advertiser:395 - Toplam 12 reklam scrape edildi
2025-09-08 03:27:11.727 | INFO     | src.scraper.tiktok_selenium_scraper:close_driver:340 - WebDriver kapatıldı
2025-09-08 03:27:11.730 | INFO     | src.scraper.tiktok_scraper:search_ads:33 - Raw data alındı: 12 reklam
2025-09-08 03:27:11.732 | DEBUG    | src.scraper.tiktok_scraper:_create_ad_from_selenium_data:113 - Selenium ad oluşturuldu: QNB BANK ANONIM SIRKETI
2025-09-08 03:27:11.734 | DEBUG    | src.scraper.tiktok_scraper:_create_ad_from_selenium_data:113 - Selenium ad oluşturuldu: DENIZBANK ANONIM SIRKETI
2025-09-08 03:27:11.736 | DEBUG    | src.scraper.tiktok_scraper:_create_ad_from_selenium_data:113 - Selenium ad oluşturuldu: DENIZBANK ANONIM SIRKETI
2025-09-08 03:27:11.737 | DEBUG    | src.scraper.tiktok_scraper:_create_ad_from_selenium_data:113 - Selenium ad oluşturuldu: DENIZBANK ANONIM SIRKETI
2025-09-08 03:27:11.739 | DEBUG    | src.scraper.tiktok_scraper:_create_ad_from_selenium_data:113 - Selenium ad oluşturuldu: DENIZBANK ANONIM SIRKETI
2025-09-08 03:27:11.741 | DEBUG    | src.scraper.tiktok_scraper:_create_ad_from_selenium_data:113 - Selenium ad oluşturuldu: DENIZBANK ANONIM SIRKETI
2025-09-08 03:27:11.743 | DEBUG    | src.scraper.tiktok_scraper:_create_ad_from_selenium_data:113 - Selenium ad oluşturuldu: DENIZBANK ANONIM SIRKETI
2025-09-08 03:27:11.744 | DEBUG    | src.scraper.tiktok_scraper:_create_ad_from_selenium_data:113 - Selenium ad oluşturuldu: DENIZBANK ANONIM SIRKETI
2025-09-08 03:27:11.745 | DEBUG    | src.scraper.tiktok_scraper:_create_ad_from_selenium_data:113 - Selenium ad oluşturuldu: DENIZBANK ANONIM SIRKETI
2025-09-08 03:27:11.747 | DEBUG    | src.scraper.tiktok_scraper:_create_ad_from_selenium_data:113 - Selenium ad oluşturuldu: DENIZBANK ANONIM SIRKETI
2025-09-08 03:27:11.749 | DEBUG    | src.scraper.tiktok_scraper:_create_ad_from_selenium_data:113 - Selenium ad oluşturuldu: DENIZBANK ANONIM SIRKETI
2025-09-08 03:27:11.750 | DEBUG    | src.scraper.tiktok_scraper:_create_ad_from_selenium_data:113 - Selenium ad oluşturuldu: DENIZBANK ANONIM SIRKETI
2025-09-08 03:27:11.751 | INFO     | src.scraper.tiktok_scraper:search_ads:58 - Scraping tamamlandı. Toplam: 12, Banking: 12
2025-09-08 03:27:11.753 | INFO     | __main__:scrape_tiktok_ads:168 - N8N response ready: 12 ads
